[2025-06-11 11:51:34 +0300] [8] [INFO] Handling signal: term
[2025-06-11 11:51:35 +0300] [9] [INFO] Worker exiting (pid: 9)
[2025-06-11 11:51:35 +0300] [8] [INFO] Shutting down: Master
[2025-06-11 11:51:56 +0300] [8] [INFO] Starting gunicorn 23.0.0
[2025-06-11 11:51:56 +0300] [8] [INFO] Listening at: http://0.0.0.0:8085 (8)
[2025-06-11 11:51:56 +0300] [8] [INFO] Using worker: gthread
[2025-06-11 11:51:56 +0300] [9] [INFO] Booting worker with pid: 9
[2025-06-11 12:00:18 +0300] [8] [INFO] Handling signal: term
[2025-06-11 12:00:19 +0300] [9] [INFO] Worker exiting (pid: 9)
[2025-06-11 12:00:19 +0300] [8] [INFO] Shutting down: Master
[2025-06-11 12:00:43 +0300] [9] [INFO] Starting gunicorn 23.0.0
[2025-06-11 12:00:43 +0300] [9] [INFO] Listening at: http://0.0.0.0:8085 (9)
[2025-06-11 12:00:43 +0300] [9] [INFO] Using worker: gthread
[2025-06-11 12:00:43 +0300] [10] [INFO] Booting worker with pid: 10
[2025-06-11 12:00:53 +0300] [9] [INFO] Handling signal: term
[2025-06-11 12:00:53 +0300] [10] [INFO] Worker exiting (pid: 10)
[2025-06-11 12:00:53 +0300] [9] [INFO] Shutting down: Master
[2025-06-11 12:04:02 +0300] [8] [INFO] Starting gunicorn 23.0.0
[2025-06-11 12:04:02 +0300] [8] [INFO] Listening at: http://0.0.0.0:8085 (8)
[2025-06-11 12:04:02 +0300] [8] [INFO] Using worker: gthread
[2025-06-11 12:04:02 +0300] [9] [INFO] Booting worker with pid: 9
[2025-06-11 12:05:38 +0300] [8] [INFO] Handling signal: term
[2025-06-11 12:05:38 +0300] [9] [INFO] Worker exiting (pid: 9)
[2025-06-11 12:05:38 +0300] [8] [INFO] Shutting down: Master
[2025-06-11 12:07:42 +0300] [8] [INFO] Starting gunicorn 23.0.0
[2025-06-11 12:07:42 +0300] [8] [INFO] Listening at: http://0.0.0.0:8085 (8)
[2025-06-11 12:07:42 +0300] [8] [INFO] Using worker: gthread
[2025-06-11 12:07:42 +0300] [9] [INFO] Booting worker with pid: 9
[2025-06-11 12:16:57 +0300] [8] [INFO] Handling signal: term
[2025-06-11 12:16:57 +0300] [9] [INFO] Worker exiting (pid: 9)
[2025-06-11 12:16:57 +0300] [8] [INFO] Shutting down: Master
[2025-06-11 12:18:02 +0300] [8] [INFO] Starting gunicorn 23.0.0
[2025-06-11 12:18:02 +0300] [8] [INFO] Listening at: http://0.0.0.0:8085 (8)
[2025-06-11 12:18:02 +0300] [8] [INFO] Using worker: gthread
[2025-06-11 12:18:02 +0300] [9] [INFO] Booting worker with pid: 9
[2025-06-11 12:21:34 +0300] [8] [INFO] Handling signal: term
[2025-06-11 12:21:34 +0300] [9] [INFO] Worker exiting (pid: 9)
[2025-06-11 12:21:34 +0300] [8] [INFO] Shutting down: Master
[2025-06-11 12:21:46 +0300] [8] [INFO] Starting gunicorn 23.0.0
[2025-06-11 12:21:46 +0300] [8] [INFO] Listening at: http://0.0.0.0:8085 (8)
[2025-06-11 12:21:46 +0300] [8] [INFO] Using worker: gthread
[2025-06-11 12:21:46 +0300] [9] [INFO] Booting worker with pid: 9
[2025-06-11 12:22:08 +0300] [8] [INFO] Handling signal: term
[2025-06-11 12:22:09 +0300] [9] [INFO] Worker exiting (pid: 9)
[2025-06-11 12:22:09 +0300] [8] [INFO] Shutting down: Master
[2025-06-11 12:22:33 +0300] [8] [INFO] Starting gunicorn 23.0.0
[2025-06-11 12:22:33 +0300] [8] [INFO] Listening at: http://0.0.0.0:8085 (8)
[2025-06-11 12:22:33 +0300] [8] [INFO] Using worker: gthread
[2025-06-11 12:22:33 +0300] [9] [INFO] Booting worker with pid: 9
[2025-06-11 12:26:35 +0300] [8] [INFO] Handling signal: term
[2025-06-11 12:26:36 +0300] [9] [INFO] Worker exiting (pid: 9)
[2025-06-11 12:26:36 +0300] [8] [INFO] Shutting down: Master
[2025-06-11 12:27:03 +0300] [8] [INFO] Starting gunicorn 23.0.0
[2025-06-11 12:27:03 +0300] [8] [INFO] Listening at: http://0.0.0.0:8085 (8)
[2025-06-11 12:27:03 +0300] [8] [INFO] Using worker: gthread
[2025-06-11 12:27:03 +0300] [9] [INFO] Booting worker with pid: 9
[2025-06-11 12:53:52 +0300] [8] [INFO] Handling signal: term
[2025-06-11 12:53:52 +0300] [9] [INFO] Worker exiting (pid: 9)
[2025-06-11 12:53:52 +0300] [8] [INFO] Shutting down: Master
