2025-06-02 09:26:49,343 - INFO - [app:<module>:57] - --- Flask приложение запущено. Логирование настроено. Файл логов: /app/logs/zotero_excel_importer.log ---
2025-06-02 09:26:49,353 - INFO - [zotero_importer_core:check_python_version:83] - Проверка версии Python: 3.9.22 (main, May 21 2025, 23:30:35) 
[GCC 12.2.0]
2025-06-02 09:26:49,354 - INFO - [zotero_importer_core:check_python_version:88] - Версия Python соответствует требованиям.
2025-06-02 09:26:49,354 - INFO - [zotero_importer_core:log_package_versions:70] - --- Версии установленных пакетов ---
2025-06-02 09:26:49,357 - INFO - [zotero_importer_core:log_package_versions:74] - pandas: 2.2.3
2025-06-02 09:26:49,359 - INFO - [zotero_importer_core:log_package_versions:74] - openpyxl: 3.1.5
2025-06-02 09:26:49,360 - INFO - [zotero_importer_core:log_package_versions:74] - pyzotero: 1.6.11
2025-06-02 09:26:49,362 - INFO - [zotero_importer_core:log_package_versions:74] - python-dotenv: 1.1.0
2025-06-02 09:26:49,363 - INFO - [zotero_importer_core:log_package_versions:74] - Flask: 3.1.1
2025-06-02 09:26:49,364 - INFO - [zotero_importer_core:log_package_versions:74] - Werkzeug: 3.1.3
2025-06-02 09:26:49,365 - INFO - [zotero_importer_core:log_package_versions:79] - ------------------------------------
2025-06-02 09:26:49,365 - INFO - [app:<module>:282] - --- Запуск Flask приложения (app.py) ---
2025-06-02 09:26:49,366 - INFO - [app:<module>:283] - Flask будет слушать на хосте 0.0.0.0 и порту 8086 (для Docker).
2025-06-02 09:26:49,366 - INFO - [app:<module>:284] - Базовый путь для поиска PDF (внутри контейнера, из ENV): /mnt/shared_z_drive
2025-06-02 09:26:49,366 - INFO - [app:<module>:286] - Папка для временных Excel файлов (внутри контейнера): uploads_temp_excel
2025-06-02 09:26:49,367 - INFO - [app:<module>:287] - Путь к файлу логов (внутри контейнера, из ENV zotero_importer_core): /app/logs/zotero_excel_importer.log
2025-06-02 09:26:49,405 - INFO - [werkzeug:_log:97] - [31m[1mWARNING: This is a development server. Do not use it in a production deployment. Use a production WSGI server instead.[0m
 * Running on all addresses (0.0.0.0)
 * Running on http://127.0.0.1:8086
 * Running on http://172.21.0.2:8086
2025-06-02 09:26:49,476 - INFO - [werkzeug:_log:97] - [33mPress CTRL+C to quit[0m
2025-06-02 09:26:49,477 - INFO - [werkzeug:_log:97] -  * Restarting with stat
2025-06-02 09:26:50,902 - INFO - [app:<module>:57] - --- Flask приложение запущено. Логирование настроено. Файл логов: /app/logs/zotero_excel_importer.log ---
2025-06-02 09:26:50,905 - INFO - [zotero_importer_core:check_python_version:83] - Проверка версии Python: 3.9.22 (main, May 21 2025, 23:30:35) 
[GCC 12.2.0]
2025-06-02 09:26:50,905 - INFO - [zotero_importer_core:check_python_version:88] - Версия Python соответствует требованиям.
2025-06-02 09:26:50,906 - INFO - [zotero_importer_core:log_package_versions:70] - --- Версии установленных пакетов ---
2025-06-02 09:26:50,913 - INFO - [zotero_importer_core:log_package_versions:74] - pandas: 2.2.3
2025-06-02 09:26:50,915 - INFO - [zotero_importer_core:log_package_versions:74] - openpyxl: 3.1.5
2025-06-02 09:26:50,916 - INFO - [zotero_importer_core:log_package_versions:74] - pyzotero: 1.6.11
2025-06-02 09:26:50,918 - INFO - [zotero_importer_core:log_package_versions:74] - python-dotenv: 1.1.0
2025-06-02 09:26:50,919 - INFO - [zotero_importer_core:log_package_versions:74] - Flask: 3.1.1
2025-06-02 09:26:50,920 - INFO - [zotero_importer_core:log_package_versions:74] - Werkzeug: 3.1.3
2025-06-02 09:26:50,921 - INFO - [zotero_importer_core:log_package_versions:79] - ------------------------------------
2025-06-02 09:26:50,921 - INFO - [app:<module>:282] - --- Запуск Flask приложения (app.py) ---
2025-06-02 09:26:50,922 - INFO - [app:<module>:283] - Flask будет слушать на хосте 0.0.0.0 и порту 8086 (для Docker).
2025-06-02 09:26:50,922 - INFO - [app:<module>:284] - Базовый путь для поиска PDF (внутри контейнера, из ENV): /mnt/shared_z_drive
2025-06-02 09:26:50,923 - INFO - [app:<module>:286] - Папка для временных Excel файлов (внутри контейнера): uploads_temp_excel
2025-06-02 09:26:50,923 - INFO - [app:<module>:287] - Путь к файлу логов (внутри контейнера, из ENV zotero_importer_core): /app/logs/zotero_excel_importer.log
2025-06-02 09:26:50,929 - WARNING - [werkzeug:_log:97] -  * Debugger is active!
2025-06-02 09:26:50,930 - INFO - [werkzeug:_log:97] -  * Debugger PIN: 131-868-472
2025-06-02 09:27:35,366 - INFO - [app:index:72] - Запрос главной страницы /. Базовый путь PDF в контейнере: /mnt/shared_z_drive
2025-06-02 09:27:35,373 - INFO - [werkzeug:_log:97] - 172.21.0.1 - - [02/Jun/2025 09:27:35] "GET / HTTP/1.1" 200 -
2025-06-02 09:28:03,825 - INFO - [app:preview_excel:93] - Получен POST-запрос на /preview_excel
2025-06-02 09:28:03,828 - INFO - [app:preview_excel:111] - Получено имя подпапки PDF от пользователя: '\01_Документы\'
2025-06-02 09:28:03,829 - INFO - [app:preview_excel:145] - Сконструирован полный путь для поиска PDF внутри контейнера: '/mnt/shared_z_drive/01_Документы'
2025-06-02 09:28:03,833 - WARNING - [app:preview_excel:157] - Папка для поиска PDF '/mnt/shared_z_drive/01_Документы' не найдена ВНУТРИ КОНТЕЙНЕРА.
2025-06-02 09:28:03,834 - INFO - [werkzeug:_log:97] - 172.21.0.1 - - [02/Jun/2025 09:28:03] "POST /preview_excel HTTP/1.1" 200 -
2025-06-02 09:28:21,357 - INFO - [app:preview_excel:93] - Получен POST-запрос на /preview_excel
2025-06-02 09:28:21,365 - INFO - [app:preview_excel:111] - Получено имя подпапки PDF от пользователя: '01_Документы\'
2025-06-02 09:28:21,366 - INFO - [app:preview_excel:145] - Сконструирован полный путь для поиска PDF внутри контейнера: '/mnt/shared_z_drive/01_Документы'
2025-06-02 09:28:21,367 - WARNING - [app:preview_excel:157] - Папка для поиска PDF '/mnt/shared_z_drive/01_Документы' не найдена ВНУТРИ КОНТЕЙНЕРА.
2025-06-02 09:28:21,368 - INFO - [werkzeug:_log:97] - 172.21.0.1 - - [02/Jun/2025 09:28:21] "POST /preview_excel HTTP/1.1" 200 -
2025-06-02 10:44:03,682 - INFO - [app:<module>:57] - --- Flask приложение запущено. Логирование настроено. Файл логов: /app/logs/zotero_excel_importer.log ---
2025-06-02 10:44:03,683 - INFO - [zotero_importer_core:check_python_version:83] - Проверка версии Python: 3.9.22 (main, May 21 2025, 23:30:35) 
[GCC 12.2.0]
2025-06-02 10:44:03,684 - INFO - [zotero_importer_core:check_python_version:88] - Версия Python соответствует требованиям.
2025-06-02 10:44:03,684 - INFO - [zotero_importer_core:log_package_versions:70] - --- Версии установленных пакетов ---
2025-06-02 10:44:03,689 - INFO - [zotero_importer_core:log_package_versions:74] - pandas: 2.2.3
2025-06-02 10:44:03,691 - INFO - [zotero_importer_core:log_package_versions:74] - openpyxl: 3.1.5
2025-06-02 10:44:03,692 - INFO - [zotero_importer_core:log_package_versions:74] - pyzotero: 1.6.11
2025-06-02 10:44:03,694 - INFO - [zotero_importer_core:log_package_versions:74] - python-dotenv: 1.1.0
2025-06-02 10:44:03,696 - INFO - [zotero_importer_core:log_package_versions:74] - Flask: 3.1.1
2025-06-02 10:44:03,697 - INFO - [zotero_importer_core:log_package_versions:74] - Werkzeug: 3.1.3
2025-06-02 10:44:03,698 - INFO - [zotero_importer_core:log_package_versions:79] - ------------------------------------
2025-06-02 10:44:03,698 - INFO - [app:<module>:282] - --- Запуск Flask приложения (app.py) ---
2025-06-02 10:44:03,698 - INFO - [app:<module>:283] - Flask будет слушать на хосте 0.0.0.0 и порту 8086 (для Docker).
2025-06-02 10:44:03,699 - INFO - [app:<module>:284] - Базовый путь для поиска PDF (внутри контейнера, из ENV): /mnt/shared_z_drive
2025-06-02 10:44:03,699 - INFO - [app:<module>:286] - Папка для временных Excel файлов (внутри контейнера): uploads_temp_excel
2025-06-02 10:44:03,699 - INFO - [app:<module>:287] - Путь к файлу логов (внутри контейнера, из ENV zotero_importer_core): /app/logs/zotero_excel_importer.log
2025-06-02 10:44:03,724 - INFO - [werkzeug:_log:97] - [31m[1mWARNING: This is a development server. Do not use it in a production deployment. Use a production WSGI server instead.[0m
 * Running on all addresses (0.0.0.0)
 * Running on http://127.0.0.1:8086
 * Running on http://172.21.0.2:8086
2025-06-02 10:44:03,725 - INFO - [werkzeug:_log:97] - [33mPress CTRL+C to quit[0m
2025-06-02 10:44:03,726 - INFO - [werkzeug:_log:97] -  * Restarting with stat
2025-06-02 10:44:04,590 - INFO - [app:<module>:57] - --- Flask приложение запущено. Логирование настроено. Файл логов: /app/logs/zotero_excel_importer.log ---
2025-06-02 10:44:04,597 - INFO - [zotero_importer_core:check_python_version:83] - Проверка версии Python: 3.9.22 (main, May 21 2025, 23:30:35) 
[GCC 12.2.0]
2025-06-02 10:44:04,597 - INFO - [zotero_importer_core:check_python_version:88] - Версия Python соответствует требованиям.
2025-06-02 10:44:04,598 - INFO - [zotero_importer_core:log_package_versions:70] - --- Версии установленных пакетов ---
2025-06-02 10:44:04,602 - INFO - [zotero_importer_core:log_package_versions:74] - pandas: 2.2.3
2025-06-02 10:44:04,604 - INFO - [zotero_importer_core:log_package_versions:74] - openpyxl: 3.1.5
2025-06-02 10:44:04,605 - INFO - [zotero_importer_core:log_package_versions:74] - pyzotero: 1.6.11
2025-06-02 10:44:04,607 - INFO - [zotero_importer_core:log_package_versions:74] - python-dotenv: 1.1.0
2025-06-02 10:44:04,608 - INFO - [zotero_importer_core:log_package_versions:74] - Flask: 3.1.1
2025-06-02 10:44:04,609 - INFO - [zotero_importer_core:log_package_versions:74] - Werkzeug: 3.1.3
2025-06-02 10:44:04,610 - INFO - [zotero_importer_core:log_package_versions:79] - ------------------------------------
2025-06-02 10:44:04,611 - INFO - [app:<module>:282] - --- Запуск Flask приложения (app.py) ---
2025-06-02 10:44:04,611 - INFO - [app:<module>:283] - Flask будет слушать на хосте 0.0.0.0 и порту 8086 (для Docker).
2025-06-02 10:44:04,612 - INFO - [app:<module>:284] - Базовый путь для поиска PDF (внутри контейнера, из ENV): /mnt/shared_z_drive
2025-06-02 10:44:04,612 - INFO - [app:<module>:286] - Папка для временных Excel файлов (внутри контейнера): uploads_temp_excel
2025-06-02 10:44:04,613 - INFO - [app:<module>:287] - Путь к файлу логов (внутри контейнера, из ENV zotero_importer_core): /app/logs/zotero_excel_importer.log
2025-06-02 10:44:04,621 - WARNING - [werkzeug:_log:97] -  * Debugger is active!
2025-06-02 10:44:04,622 - INFO - [werkzeug:_log:97] -  * Debugger PIN: 784-304-627
2025-06-02 10:44:05,846 - INFO - [app:index:72] - Запрос главной страницы /. Базовый путь PDF в контейнере: /mnt/shared_z_drive
2025-06-02 10:44:05,853 - INFO - [werkzeug:_log:97] - 172.21.0.1 - - [02/Jun/2025 10:44:05] "GET / HTTP/1.1" 200 -
2025-06-02 10:44:05,968 - INFO - [werkzeug:_log:97] - 172.21.0.1 - - [02/Jun/2025 10:44:05] "[33mGET /favicon.ico HTTP/1.1[0m" 404 -
2025-06-02 10:44:51,439 - INFO - [app:preview_excel:93] - Получен POST-запрос на /preview_excel
2025-06-02 10:44:51,445 - INFO - [app:preview_excel:111] - Получено имя подпапки PDF от пользователя: '01_Документы\КПР-СВЧ'
2025-06-02 10:44:51,446 - INFO - [app:preview_excel:145] - Сконструирован полный путь для поиска PDF внутри контейнера: '/mnt/shared_z_drive/01_Документы/КПР-СВЧ'
2025-06-02 10:44:51,447 - WARNING - [app:preview_excel:157] - Папка для поиска PDF '/mnt/shared_z_drive/01_Документы/КПР-СВЧ' не найдена ВНУТРИ КОНТЕЙНЕРА.
2025-06-02 10:44:51,451 - INFO - [werkzeug:_log:97] - 172.21.0.1 - - [02/Jun/2025 10:44:51] "POST /preview_excel HTTP/1.1" 200 -
2025-06-02 10:52:21,051 - INFO - [app:<module>:57] - --- Flask приложение запущено. Логирование настроено. Файл логов: /app/logs/zotero_excel_importer.log ---
2025-06-02 10:52:21,053 - INFO - [zotero_importer_core:check_python_version:83] - Проверка версии Python: 3.9.22 (main, May 21 2025, 23:30:35) 
[GCC 12.2.0]
2025-06-02 10:52:21,054 - INFO - [zotero_importer_core:check_python_version:88] - Версия Python соответствует требованиям.
2025-06-02 10:52:21,055 - INFO - [zotero_importer_core:log_package_versions:70] - --- Версии установленных пакетов ---
2025-06-02 10:52:21,059 - INFO - [zotero_importer_core:log_package_versions:74] - pandas: 2.2.3
2025-06-02 10:52:21,061 - INFO - [zotero_importer_core:log_package_versions:74] - openpyxl: 3.1.5
2025-06-02 10:52:21,064 - INFO - [zotero_importer_core:log_package_versions:74] - pyzotero: 1.6.11
2025-06-02 10:52:21,066 - INFO - [zotero_importer_core:log_package_versions:74] - python-dotenv: 1.1.0
2025-06-02 10:52:21,068 - INFO - [zotero_importer_core:log_package_versions:74] - Flask: 3.1.1
2025-06-02 10:52:21,069 - INFO - [zotero_importer_core:log_package_versions:74] - Werkzeug: 3.1.3
2025-06-02 10:52:21,071 - INFO - [zotero_importer_core:log_package_versions:79] - ------------------------------------
2025-06-02 10:52:21,072 - INFO - [app:<module>:282] - --- Запуск Flask приложения (app.py) ---
2025-06-02 10:52:21,072 - INFO - [app:<module>:283] - Flask будет слушать на хосте 0.0.0.0 и порту 8086 (для Docker).
2025-06-02 10:52:21,073 - INFO - [app:<module>:284] - Базовый путь для поиска PDF (внутри контейнера, из ENV): /mnt/shared_z_drive
2025-06-02 10:52:21,075 - INFO - [app:<module>:286] - Папка для временных Excel файлов (внутри контейнера): uploads_temp_excel
2025-06-02 10:52:21,076 - INFO - [app:<module>:287] - Путь к файлу логов (внутри контейнера, из ENV zotero_importer_core): /app/logs/zotero_excel_importer.log
2025-06-02 10:52:21,116 - INFO - [werkzeug:_log:97] - [31m[1mWARNING: This is a development server. Do not use it in a production deployment. Use a production WSGI server instead.[0m
 * Running on all addresses (0.0.0.0)
 * Running on http://127.0.0.1:8086
 * Running on http://172.21.0.2:8086
2025-06-02 10:52:21,118 - INFO - [werkzeug:_log:97] - [33mPress CTRL+C to quit[0m
2025-06-02 10:52:21,119 - INFO - [werkzeug:_log:97] -  * Restarting with stat
2025-06-02 10:52:21,753 - INFO - [app:<module>:57] - --- Flask приложение запущено. Логирование настроено. Файл логов: /app/logs/zotero_excel_importer.log ---
2025-06-02 10:52:21,756 - INFO - [zotero_importer_core:check_python_version:83] - Проверка версии Python: 3.9.22 (main, May 21 2025, 23:30:35) 
[GCC 12.2.0]
2025-06-02 10:52:21,756 - INFO - [zotero_importer_core:check_python_version:88] - Версия Python соответствует требованиям.
2025-06-02 10:52:21,757 - INFO - [zotero_importer_core:log_package_versions:70] - --- Версии установленных пакетов ---
2025-06-02 10:52:21,762 - INFO - [zotero_importer_core:log_package_versions:74] - pandas: 2.2.3
2025-06-02 10:52:21,764 - INFO - [zotero_importer_core:log_package_versions:74] - openpyxl: 3.1.5
2025-06-02 10:52:21,765 - INFO - [zotero_importer_core:log_package_versions:74] - pyzotero: 1.6.11
2025-06-02 10:52:21,771 - INFO - [zotero_importer_core:log_package_versions:74] - python-dotenv: 1.1.0
2025-06-02 10:52:21,776 - INFO - [zotero_importer_core:log_package_versions:74] - Flask: 3.1.1
2025-06-02 10:52:21,779 - INFO - [zotero_importer_core:log_package_versions:74] - Werkzeug: 3.1.3
2025-06-02 10:52:21,780 - INFO - [zotero_importer_core:log_package_versions:79] - ------------------------------------
2025-06-02 10:52:21,780 - INFO - [app:<module>:282] - --- Запуск Flask приложения (app.py) ---
2025-06-02 10:52:21,781 - INFO - [app:<module>:283] - Flask будет слушать на хосте 0.0.0.0 и порту 8086 (для Docker).
2025-06-02 10:52:21,781 - INFO - [app:<module>:284] - Базовый путь для поиска PDF (внутри контейнера, из ENV): /mnt/shared_z_drive
2025-06-02 10:52:21,781 - INFO - [app:<module>:286] - Папка для временных Excel файлов (внутри контейнера): uploads_temp_excel
2025-06-02 10:52:21,782 - INFO - [app:<module>:287] - Путь к файлу логов (внутри контейнера, из ENV zotero_importer_core): /app/logs/zotero_excel_importer.log
2025-06-02 10:52:21,788 - WARNING - [werkzeug:_log:97] -  * Debugger is active!
2025-06-02 10:52:21,789 - INFO - [werkzeug:_log:97] -  * Debugger PIN: 595-990-817
2025-06-02 11:05:29,065 - INFO - [app:<module>:57] - --- Flask приложение запущено. Логирование настроено. Файл логов: /app/logs/zotero_excel_importer.log ---
2025-06-02 11:05:29,067 - INFO - [zotero_importer_core:check_python_version:83] - Проверка версии Python: 3.9.22 (main, May 21 2025, 23:30:35) 
[GCC 12.2.0]
2025-06-02 11:05:29,068 - INFO - [zotero_importer_core:check_python_version:88] - Версия Python соответствует требованиям.
2025-06-02 11:05:29,069 - INFO - [zotero_importer_core:log_package_versions:70] - --- Версии установленных пакетов ---
2025-06-02 11:05:29,073 - INFO - [zotero_importer_core:log_package_versions:74] - pandas: 2.2.3
2025-06-02 11:05:29,078 - INFO - [zotero_importer_core:log_package_versions:74] - openpyxl: 3.1.5
2025-06-02 11:05:29,080 - INFO - [zotero_importer_core:log_package_versions:74] - pyzotero: 1.6.11
2025-06-02 11:05:29,088 - INFO - [zotero_importer_core:log_package_versions:74] - python-dotenv: 1.1.0
2025-06-02 11:05:29,092 - INFO - [zotero_importer_core:log_package_versions:74] - Flask: 3.1.1
2025-06-02 11:05:29,096 - INFO - [zotero_importer_core:log_package_versions:74] - Werkzeug: 3.1.3
2025-06-02 11:05:29,098 - INFO - [zotero_importer_core:log_package_versions:79] - ------------------------------------
2025-06-02 11:05:29,099 - INFO - [app:<module>:282] - --- Запуск Flask приложения (app.py) ---
2025-06-02 11:05:29,100 - INFO - [app:<module>:283] - Flask будет слушать на хосте 0.0.0.0 и порту 8086 (для Docker).
2025-06-02 11:05:29,101 - INFO - [app:<module>:284] - Базовый путь для поиска PDF (внутри контейнера, из ENV): /mnt/shared_z_drive
2025-06-02 11:05:29,102 - INFO - [app:<module>:286] - Папка для временных Excel файлов (внутри контейнера): uploads_temp_excel
2025-06-02 11:05:29,103 - INFO - [app:<module>:287] - Путь к файлу логов (внутри контейнера, из ENV zotero_importer_core): /app/logs/zotero_excel_importer.log
2025-06-02 11:05:29,146 - INFO - [werkzeug:_log:97] - [31m[1mWARNING: This is a development server. Do not use it in a production deployment. Use a production WSGI server instead.[0m
 * Running on all addresses (0.0.0.0)
 * Running on http://127.0.0.1:8086
 * Running on http://172.21.0.2:8086
2025-06-02 11:05:29,147 - INFO - [werkzeug:_log:97] - [33mPress CTRL+C to quit[0m
2025-06-02 11:05:29,148 - INFO - [werkzeug:_log:97] -  * Restarting with stat
2025-06-02 11:05:29,680 - INFO - [app:<module>:57] - --- Flask приложение запущено. Логирование настроено. Файл логов: /app/logs/zotero_excel_importer.log ---
2025-06-02 11:05:29,681 - INFO - [zotero_importer_core:check_python_version:83] - Проверка версии Python: 3.9.22 (main, May 21 2025, 23:30:35) 
[GCC 12.2.0]
2025-06-02 11:05:29,682 - INFO - [zotero_importer_core:check_python_version:88] - Версия Python соответствует требованиям.
2025-06-02 11:05:29,683 - INFO - [zotero_importer_core:log_package_versions:70] - --- Версии установленных пакетов ---
2025-06-02 11:05:29,686 - INFO - [zotero_importer_core:log_package_versions:74] - pandas: 2.2.3
2025-06-02 11:05:29,687 - INFO - [zotero_importer_core:log_package_versions:74] - openpyxl: 3.1.5
2025-06-02 11:05:29,689 - INFO - [zotero_importer_core:log_package_versions:74] - pyzotero: 1.6.11
2025-06-02 11:05:29,690 - INFO - [zotero_importer_core:log_package_versions:74] - python-dotenv: 1.1.0
2025-06-02 11:05:29,692 - INFO - [zotero_importer_core:log_package_versions:74] - Flask: 3.1.1
2025-06-02 11:05:29,693 - INFO - [zotero_importer_core:log_package_versions:74] - Werkzeug: 3.1.3
2025-06-02 11:05:29,693 - INFO - [zotero_importer_core:log_package_versions:79] - ------------------------------------
2025-06-02 11:05:29,694 - INFO - [app:<module>:282] - --- Запуск Flask приложения (app.py) ---
2025-06-02 11:05:29,695 - INFO - [app:<module>:283] - Flask будет слушать на хосте 0.0.0.0 и порту 8086 (для Docker).
2025-06-02 11:05:29,695 - INFO - [app:<module>:284] - Базовый путь для поиска PDF (внутри контейнера, из ENV): /mnt/shared_z_drive
2025-06-02 11:05:29,696 - INFO - [app:<module>:286] - Папка для временных Excel файлов (внутри контейнера): uploads_temp_excel
2025-06-02 11:05:29,697 - INFO - [app:<module>:287] - Путь к файлу логов (внутри контейнера, из ENV zotero_importer_core): /app/logs/zotero_excel_importer.log
2025-06-02 11:05:29,702 - WARNING - [werkzeug:_log:97] -  * Debugger is active!
2025-06-02 11:05:29,703 - INFO - [werkzeug:_log:97] -  * Debugger PIN: 295-889-703
2025-06-02 11:06:05,942 - INFO - [app:preview_excel:93] - Получен POST-запрос на /preview_excel
2025-06-02 11:06:05,955 - INFO - [app:preview_excel:111] - Получено имя подпапки PDF от пользователя: '01_Документы\КПР-СВЧ'
2025-06-02 11:06:05,956 - INFO - [app:preview_excel:145] - Сконструирован полный путь для поиска PDF внутри контейнера: '/mnt/shared_z_drive/01_Документы/КПР-СВЧ'
2025-06-02 11:06:05,958 - WARNING - [app:preview_excel:157] - Папка для поиска PDF '/mnt/shared_z_drive/01_Документы/КПР-СВЧ' не найдена ВНУТРИ КОНТЕЙНЕРА.
2025-06-02 11:06:05,961 - INFO - [werkzeug:_log:97] - 172.21.0.1 - - [02/Jun/2025 11:06:05] "POST /preview_excel HTTP/1.1" 200 -
2025-06-02 11:06:26,544 - INFO - [app:preview_excel:93] - Получен POST-запрос на /preview_excel
2025-06-02 11:06:26,548 - INFO - [app:preview_excel:111] - Получено имя подпапки PDF от пользователя: '01_Документы'
2025-06-02 11:06:26,549 - INFO - [app:preview_excel:145] - Сконструирован полный путь для поиска PDF внутри контейнера: '/mnt/shared_z_drive/01_Документы'
2025-06-02 11:06:26,551 - WARNING - [app:preview_excel:157] - Папка для поиска PDF '/mnt/shared_z_drive/01_Документы' не найдена ВНУТРИ КОНТЕЙНЕРА.
2025-06-02 11:06:26,553 - INFO - [werkzeug:_log:97] - 172.21.0.1 - - [02/Jun/2025 11:06:26] "POST /preview_excel HTTP/1.1" 200 -
2025-06-02 11:26:40,989 - INFO - [app:<module>:57] - --- Flask приложение запущено. Логирование настроено. Файл логов: /app/logs/zotero_excel_importer.log ---
2025-06-02 11:26:40,991 - INFO - [zotero_importer_core:check_python_version:83] - Проверка версии Python: 3.9.22 (main, May 21 2025, 23:30:35) 
[GCC 12.2.0]
2025-06-02 11:26:40,992 - INFO - [zotero_importer_core:check_python_version:88] - Версия Python соответствует требованиям.
2025-06-02 11:26:40,994 - INFO - [zotero_importer_core:log_package_versions:70] - --- Версии установленных пакетов ---
2025-06-02 11:26:41,004 - INFO - [zotero_importer_core:log_package_versions:74] - pandas: 2.2.3
2025-06-02 11:26:41,006 - INFO - [zotero_importer_core:log_package_versions:74] - openpyxl: 3.1.5
2025-06-02 11:26:41,012 - INFO - [zotero_importer_core:log_package_versions:74] - pyzotero: 1.6.11
2025-06-02 11:26:41,019 - INFO - [zotero_importer_core:log_package_versions:74] - python-dotenv: 1.1.0
2025-06-02 11:26:41,021 - INFO - [zotero_importer_core:log_package_versions:74] - Flask: 3.1.1
2025-06-02 11:26:41,024 - INFO - [zotero_importer_core:log_package_versions:74] - Werkzeug: 3.1.3
2025-06-02 11:26:41,025 - INFO - [zotero_importer_core:log_package_versions:79] - ------------------------------------
2025-06-02 11:26:41,026 - INFO - [app:<module>:282] - --- Запуск Flask приложения (app.py) ---
2025-06-02 11:26:41,026 - INFO - [app:<module>:283] - Flask будет слушать на хосте 0.0.0.0 и порту 8086 (для Docker).
2025-06-02 11:26:41,027 - INFO - [app:<module>:284] - Базовый путь для поиска PDF (внутри контейнера, из ENV): /mnt/shared_z_drive
2025-06-02 11:26:41,032 - INFO - [app:<module>:286] - Папка для временных Excel файлов (внутри контейнера): uploads_temp_excel
2025-06-02 11:26:41,033 - INFO - [app:<module>:287] - Путь к файлу логов (внутри контейнера, из ENV zotero_importer_core): /app/logs/zotero_excel_importer.log
2025-06-02 11:26:41,060 - INFO - [werkzeug:_log:97] - [31m[1mWARNING: This is a development server. Do not use it in a production deployment. Use a production WSGI server instead.[0m
 * Running on all addresses (0.0.0.0)
 * Running on http://127.0.0.1:8086
 * Running on http://172.21.0.2:8086
2025-06-02 11:26:41,060 - INFO - [werkzeug:_log:97] - [33mPress CTRL+C to quit[0m
2025-06-02 11:26:41,062 - INFO - [werkzeug:_log:97] -  * Restarting with stat
2025-06-02 11:26:41,502 - INFO - [app:<module>:57] - --- Flask приложение запущено. Логирование настроено. Файл логов: /app/logs/zotero_excel_importer.log ---
2025-06-02 11:26:41,505 - INFO - [zotero_importer_core:check_python_version:83] - Проверка версии Python: 3.9.22 (main, May 21 2025, 23:30:35) 
[GCC 12.2.0]
2025-06-02 11:26:41,506 - INFO - [zotero_importer_core:check_python_version:88] - Версия Python соответствует требованиям.
2025-06-02 11:26:41,508 - INFO - [zotero_importer_core:log_package_versions:70] - --- Версии установленных пакетов ---
2025-06-02 11:26:41,518 - INFO - [zotero_importer_core:log_package_versions:74] - pandas: 2.2.3
2025-06-02 11:26:41,520 - INFO - [zotero_importer_core:log_package_versions:74] - openpyxl: 3.1.5
2025-06-02 11:26:41,522 - INFO - [zotero_importer_core:log_package_versions:74] - pyzotero: 1.6.11
2025-06-02 11:26:41,527 - INFO - [zotero_importer_core:log_package_versions:74] - python-dotenv: 1.1.0
2025-06-02 11:26:41,529 - INFO - [zotero_importer_core:log_package_versions:74] - Flask: 3.1.1
2025-06-02 11:26:41,532 - INFO - [zotero_importer_core:log_package_versions:74] - Werkzeug: 3.1.3
2025-06-02 11:26:41,533 - INFO - [zotero_importer_core:log_package_versions:79] - ------------------------------------
2025-06-02 11:26:41,535 - INFO - [app:<module>:282] - --- Запуск Flask приложения (app.py) ---
2025-06-02 11:26:41,536 - INFO - [app:<module>:283] - Flask будет слушать на хосте 0.0.0.0 и порту 8086 (для Docker).
2025-06-02 11:26:41,538 - INFO - [app:<module>:284] - Базовый путь для поиска PDF (внутри контейнера, из ENV): /mnt/shared_z_drive
2025-06-02 11:26:41,540 - INFO - [app:<module>:286] - Папка для временных Excel файлов (внутри контейнера): uploads_temp_excel
2025-06-02 11:26:41,541 - INFO - [app:<module>:287] - Путь к файлу логов (внутри контейнера, из ENV zotero_importer_core): /app/logs/zotero_excel_importer.log
2025-06-02 11:26:41,554 - WARNING - [werkzeug:_log:97] -  * Debugger is active!
2025-06-02 11:26:41,555 - INFO - [werkzeug:_log:97] -  * Debugger PIN: 790-509-132
2025-06-02 11:26:49,726 - INFO - [app:preview_excel:93] - Получен POST-запрос на /preview_excel
2025-06-02 11:26:49,730 - INFO - [app:preview_excel:111] - Получено имя подпапки PDF от пользователя: '01_Документы'
2025-06-02 11:26:49,734 - INFO - [app:preview_excel:145] - Сконструирован полный путь для поиска PDF внутри контейнера: '/mnt/shared_z_drive/01_Документы'
2025-06-02 11:26:49,738 - WARNING - [app:preview_excel:157] - Папка для поиска PDF '/mnt/shared_z_drive/01_Документы' не найдена ВНУТРИ КОНТЕЙНЕРА.
2025-06-02 11:26:49,745 - INFO - [werkzeug:_log:97] - 172.21.0.1 - - [02/Jun/2025 11:26:49] "POST /preview_excel HTTP/1.1" 200 -
2025-06-02 11:26:54,707 - INFO - [app:index:72] - Запрос главной страницы /. Базовый путь PDF в контейнере: /mnt/shared_z_drive
2025-06-02 11:26:54,731 - INFO - [werkzeug:_log:97] - 172.21.0.1 - - [02/Jun/2025 11:26:54] "GET / HTTP/1.1" 200 -
2025-06-02 11:27:18,388 - INFO - [app:preview_excel:93] - Получен POST-запрос на /preview_excel
2025-06-02 11:27:18,393 - INFO - [app:preview_excel:111] - Получено имя подпапки PDF от пользователя: '01_Документы'
2025-06-02 11:27:18,394 - INFO - [app:preview_excel:145] - Сконструирован полный путь для поиска PDF внутри контейнера: '/mnt/shared_z_drive/01_Документы'
2025-06-02 11:27:18,396 - WARNING - [app:preview_excel:157] - Папка для поиска PDF '/mnt/shared_z_drive/01_Документы' не найдена ВНУТРИ КОНТЕЙНЕРА.
2025-06-02 11:27:18,398 - INFO - [werkzeug:_log:97] - 172.21.0.1 - - [02/Jun/2025 11:27:18] "POST /preview_excel HTTP/1.1" 200 -
2025-06-02 11:38:36,698 - INFO - [app:preview_excel:93] - Получен POST-запрос на /preview_excel
2025-06-02 11:38:36,702 - INFO - [app:preview_excel:111] - Получено имя подпапки PDF от пользователя: '01_Документы'
2025-06-02 11:38:36,703 - INFO - [app:preview_excel:145] - Сконструирован полный путь для поиска PDF внутри контейнера: '/mnt/shared_z_drive/01_Документы'
2025-06-02 11:38:36,705 - WARNING - [app:preview_excel:157] - Папка для поиска PDF '/mnt/shared_z_drive/01_Документы' не найдена ВНУТРИ КОНТЕЙНЕРА.
2025-06-02 11:38:36,710 - INFO - [werkzeug:_log:97] - 172.21.0.1 - - [02/Jun/2025 11:38:36] "POST /preview_excel HTTP/1.1" 200 -
2025-06-02 12:35:45,734 - INFO - [app:<module>:57] - --- Flask приложение запущено. Логирование настроено. Файл логов: /app/logs/zotero_excel_importer.log ---
2025-06-02 12:35:45,741 - INFO - [zotero_importer_core:check_python_version:83] - Проверка версии Python: 3.9.22 (main, May 21 2025, 23:30:35) 
[GCC 12.2.0]
2025-06-02 12:35:45,742 - INFO - [zotero_importer_core:check_python_version:88] - Версия Python соответствует требованиям.
2025-06-02 12:35:45,743 - INFO - [zotero_importer_core:log_package_versions:70] - --- Версии установленных пакетов ---
2025-06-02 12:35:45,753 - INFO - [zotero_importer_core:log_package_versions:74] - pandas: 2.2.3
2025-06-02 12:35:45,756 - INFO - [zotero_importer_core:log_package_versions:74] - openpyxl: 3.1.5
2025-06-02 12:35:45,761 - INFO - [zotero_importer_core:log_package_versions:74] - pyzotero: 1.6.11
2025-06-02 12:35:45,769 - INFO - [zotero_importer_core:log_package_versions:74] - python-dotenv: 1.1.0
2025-06-02 12:35:45,776 - INFO - [zotero_importer_core:log_package_versions:74] - Flask: 3.1.1
2025-06-02 12:35:45,788 - INFO - [zotero_importer_core:log_package_versions:74] - Werkzeug: 3.1.3
2025-06-02 12:35:45,789 - INFO - [zotero_importer_core:log_package_versions:79] - ------------------------------------
2025-06-02 12:35:45,789 - INFO - [app:<module>:282] - --- Запуск Flask приложения (app.py) ---
2025-06-02 12:35:45,789 - INFO - [app:<module>:283] - Flask будет слушать на хосте 0.0.0.0 и порту 8086 (для Docker).
2025-06-02 12:35:45,790 - INFO - [app:<module>:284] - Базовый путь для поиска PDF (внутри контейнера, из ENV): /mnt/shared_z_drive
2025-06-02 12:35:45,791 - INFO - [app:<module>:286] - Папка для временных Excel файлов (внутри контейнера): uploads_temp_excel
2025-06-02 12:35:45,792 - INFO - [app:<module>:287] - Путь к файлу логов (внутри контейнера, из ENV zotero_importer_core): /app/logs/zotero_excel_importer.log
2025-06-02 12:35:45,837 - INFO - [werkzeug:_log:97] - [31m[1mWARNING: This is a development server. Do not use it in a production deployment. Use a production WSGI server instead.[0m
 * Running on all addresses (0.0.0.0)
 * Running on http://127.0.0.1:8086
 * Running on http://172.21.0.2:8086
2025-06-02 12:35:45,838 - INFO - [werkzeug:_log:97] - [33mPress CTRL+C to quit[0m
2025-06-02 12:35:45,840 - INFO - [werkzeug:_log:97] -  * Restarting with stat
2025-06-02 12:35:46,920 - INFO - [app:<module>:57] - --- Flask приложение запущено. Логирование настроено. Файл логов: /app/logs/zotero_excel_importer.log ---
2025-06-02 12:35:46,926 - INFO - [zotero_importer_core:check_python_version:83] - Проверка версии Python: 3.9.22 (main, May 21 2025, 23:30:35) 
[GCC 12.2.0]
2025-06-02 12:35:46,927 - INFO - [zotero_importer_core:check_python_version:88] - Версия Python соответствует требованиям.
2025-06-02 12:35:46,933 - INFO - [zotero_importer_core:log_package_versions:70] - --- Версии установленных пакетов ---
2025-06-02 12:35:46,942 - INFO - [zotero_importer_core:log_package_versions:74] - pandas: 2.2.3
2025-06-02 12:35:46,945 - INFO - [zotero_importer_core:log_package_versions:74] - openpyxl: 3.1.5
2025-06-02 12:35:46,953 - INFO - [zotero_importer_core:log_package_versions:74] - pyzotero: 1.6.11
2025-06-02 12:35:46,958 - INFO - [zotero_importer_core:log_package_versions:74] - python-dotenv: 1.1.0
2025-06-02 12:35:46,959 - INFO - [zotero_importer_core:log_package_versions:74] - Flask: 3.1.1
2025-06-02 12:35:46,961 - INFO - [zotero_importer_core:log_package_versions:74] - Werkzeug: 3.1.3
2025-06-02 12:35:46,963 - INFO - [zotero_importer_core:log_package_versions:79] - ------------------------------------
2025-06-02 12:35:46,964 - INFO - [app:<module>:282] - --- Запуск Flask приложения (app.py) ---
2025-06-02 12:35:46,964 - INFO - [app:<module>:283] - Flask будет слушать на хосте 0.0.0.0 и порту 8086 (для Docker).
2025-06-02 12:35:46,964 - INFO - [app:<module>:284] - Базовый путь для поиска PDF (внутри контейнера, из ENV): /mnt/shared_z_drive
2025-06-02 12:35:46,965 - INFO - [app:<module>:286] - Папка для временных Excel файлов (внутри контейнера): uploads_temp_excel
2025-06-02 12:35:46,965 - INFO - [app:<module>:287] - Путь к файлу логов (внутри контейнера, из ENV zotero_importer_core): /app/logs/zotero_excel_importer.log
2025-06-02 12:35:46,976 - WARNING - [werkzeug:_log:97] -  * Debugger is active!
2025-06-02 12:35:47,000 - INFO - [werkzeug:_log:97] -  * Debugger PIN: 994-210-171
2025-06-02 12:35:49,521 - INFO - [app:index:72] - Запрос главной страницы /. Базовый путь PDF в контейнере: /mnt/shared_z_drive
2025-06-02 12:35:49,533 - INFO - [werkzeug:_log:97] - 172.21.0.1 - - [02/Jun/2025 12:35:49] "GET / HTTP/1.1" 200 -
2025-06-03 06:19:58,670 - INFO - [app:<module>:57] - --- Flask приложение запущено. Логирование настроено. Файл логов: /app/logs/zotero_excel_importer.log ---
2025-06-03 06:19:58,675 - INFO - [zotero_importer_core:check_python_version:83] - Проверка версии Python: 3.9.22 (main, May 21 2025, 23:30:35) 
[GCC 12.2.0]
2025-06-03 06:19:58,676 - INFO - [zotero_importer_core:check_python_version:88] - Версия Python соответствует требованиям.
2025-06-03 06:19:58,677 - INFO - [zotero_importer_core:log_package_versions:70] - --- Версии установленных пакетов ---
2025-06-03 06:19:58,683 - INFO - [zotero_importer_core:log_package_versions:74] - pandas: 2.2.3
2025-06-03 06:19:58,685 - INFO - [zotero_importer_core:log_package_versions:74] - openpyxl: 3.1.5
2025-06-03 06:19:58,691 - INFO - [zotero_importer_core:log_package_versions:74] - pyzotero: 1.6.11
2025-06-03 06:19:58,698 - INFO - [zotero_importer_core:log_package_versions:74] - python-dotenv: 1.1.0
2025-06-03 06:19:58,705 - INFO - [zotero_importer_core:log_package_versions:74] - Flask: 3.1.1
2025-06-03 06:19:58,709 - INFO - [zotero_importer_core:log_package_versions:74] - Werkzeug: 3.1.3
2025-06-03 06:19:58,713 - INFO - [zotero_importer_core:log_package_versions:79] - ------------------------------------
2025-06-03 06:19:58,718 - INFO - [app:<module>:282] - --- Запуск Flask приложения (app.py) ---
2025-06-03 06:19:58,721 - INFO - [app:<module>:283] - Flask будет слушать на хосте 0.0.0.0 и порту 8086 (для Docker).
2025-06-03 06:19:58,723 - INFO - [app:<module>:284] - Базовый путь для поиска PDF (внутри контейнера, из ENV): /mnt/shared_z_drive
2025-06-03 06:19:58,724 - INFO - [app:<module>:286] - Папка для временных Excel файлов (внутри контейнера): uploads_temp_excel
2025-06-03 06:19:58,725 - INFO - [app:<module>:287] - Путь к файлу логов (внутри контейнера, из ENV zotero_importer_core): /app/logs/zotero_excel_importer.log
2025-06-03 06:19:58,760 - INFO - [werkzeug:_log:97] - [31m[1mWARNING: This is a development server. Do not use it in a production deployment. Use a production WSGI server instead.[0m
 * Running on all addresses (0.0.0.0)
 * Running on http://127.0.0.1:8086
 * Running on http://172.19.0.2:8086
2025-06-03 06:19:58,761 - INFO - [werkzeug:_log:97] - [33mPress CTRL+C to quit[0m
2025-06-03 06:19:58,763 - INFO - [werkzeug:_log:97] -  * Restarting with stat
2025-06-03 06:19:59,398 - INFO - [app:<module>:57] - --- Flask приложение запущено. Логирование настроено. Файл логов: /app/logs/zotero_excel_importer.log ---
2025-06-03 06:19:59,400 - INFO - [zotero_importer_core:check_python_version:83] - Проверка версии Python: 3.9.22 (main, May 21 2025, 23:30:35) 
[GCC 12.2.0]
2025-06-03 06:19:59,401 - INFO - [zotero_importer_core:check_python_version:88] - Версия Python соответствует требованиям.
2025-06-03 06:19:59,403 - INFO - [zotero_importer_core:log_package_versions:70] - --- Версии установленных пакетов ---
2025-06-03 06:19:59,410 - INFO - [zotero_importer_core:log_package_versions:74] - pandas: 2.2.3
2025-06-03 06:19:59,412 - INFO - [zotero_importer_core:log_package_versions:74] - openpyxl: 3.1.5
2025-06-03 06:19:59,414 - INFO - [zotero_importer_core:log_package_versions:74] - pyzotero: 1.6.11
2025-06-03 06:19:59,417 - INFO - [zotero_importer_core:log_package_versions:74] - python-dotenv: 1.1.0
2025-06-03 06:19:59,420 - INFO - [zotero_importer_core:log_package_versions:74] - Flask: 3.1.1
2025-06-03 06:19:59,422 - INFO - [zotero_importer_core:log_package_versions:74] - Werkzeug: 3.1.3
2025-06-03 06:19:59,423 - INFO - [zotero_importer_core:log_package_versions:79] - ------------------------------------
2025-06-03 06:19:59,425 - INFO - [app:<module>:282] - --- Запуск Flask приложения (app.py) ---
2025-06-03 06:19:59,426 - INFO - [app:<module>:283] - Flask будет слушать на хосте 0.0.0.0 и порту 8086 (для Docker).
2025-06-03 06:19:59,427 - INFO - [app:<module>:284] - Базовый путь для поиска PDF (внутри контейнера, из ENV): /mnt/shared_z_drive
2025-06-03 06:19:59,429 - INFO - [app:<module>:286] - Папка для временных Excel файлов (внутри контейнера): uploads_temp_excel
2025-06-03 06:19:59,430 - INFO - [app:<module>:287] - Путь к файлу логов (внутри контейнера, из ENV zotero_importer_core): /app/logs/zotero_excel_importer.log
2025-06-03 06:19:59,454 - WARNING - [werkzeug:_log:97] -  * Debugger is active!
2025-06-03 06:19:59,460 - INFO - [werkzeug:_log:97] -  * Debugger PIN: 109-662-054
2025-06-03 06:23:47,312 - INFO - [app:index:72] - Запрос главной страницы /. Базовый путь PDF в контейнере: /mnt/shared_z_drive
2025-06-03 06:23:47,325 - INFO - [werkzeug:_log:97] - 172.19.0.1 - - [03/Jun/2025 06:23:47] "GET / HTTP/1.1" 200 -
2025-06-03 07:54:05,387 - INFO - [app:preview_excel:93] - Получен POST-запрос на /preview_excel
2025-06-03 07:54:05,391 - INFO - [app:preview_excel:111] - Получено имя подпапки PDF от пользователя: '01_Документы'
2025-06-03 07:54:05,392 - INFO - [app:preview_excel:145] - Сконструирован полный путь для поиска PDF внутри контейнера: '/mnt/shared_z_drive/01_Документы'
2025-06-03 07:54:05,393 - WARNING - [app:preview_excel:157] - Папка для поиска PDF '/mnt/shared_z_drive/01_Документы' не найдена ВНУТРИ КОНТЕЙНЕРА.
2025-06-03 07:54:05,395 - INFO - [werkzeug:_log:97] - 172.19.0.1 - - [03/Jun/2025 07:54:05] "POST /preview_excel HTTP/1.1" 200 -
2025-06-03 08:05:47,567 - INFO - [app:<module>:57] - --- Flask приложение запущено. Логирование настроено. Файл логов: /app/logs/zotero_excel_importer.log ---
2025-06-03 08:05:47,569 - INFO - [zotero_importer_core:check_python_version:83] - Проверка версии Python: 3.9.22 (main, May 21 2025, 23:30:35) 
[GCC 12.2.0]
2025-06-03 08:05:47,570 - INFO - [zotero_importer_core:check_python_version:88] - Версия Python соответствует требованиям.
2025-06-03 08:05:47,570 - INFO - [zotero_importer_core:log_package_versions:70] - --- Версии установленных пакетов ---
2025-06-03 08:05:47,573 - INFO - [zotero_importer_core:log_package_versions:74] - pandas: 2.2.3
2025-06-03 08:05:47,575 - INFO - [zotero_importer_core:log_package_versions:74] - openpyxl: 3.1.5
2025-06-03 08:05:47,576 - INFO - [zotero_importer_core:log_package_versions:74] - pyzotero: 1.6.11
2025-06-03 08:05:47,578 - INFO - [zotero_importer_core:log_package_versions:74] - python-dotenv: 1.1.0
2025-06-03 08:05:47,579 - INFO - [zotero_importer_core:log_package_versions:74] - Flask: 3.1.1
2025-06-03 08:05:47,580 - INFO - [zotero_importer_core:log_package_versions:74] - Werkzeug: 3.1.3
2025-06-03 08:05:47,581 - INFO - [zotero_importer_core:log_package_versions:79] - ------------------------------------
2025-06-03 08:05:47,581 - INFO - [app:<module>:282] - --- Запуск Flask приложения (app.py) ---
2025-06-03 08:05:47,582 - INFO - [app:<module>:283] - Flask будет слушать на хосте 0.0.0.0 и порту 8086 (для Docker).
2025-06-03 08:05:47,582 - INFO - [app:<module>:284] - Базовый путь для поиска PDF (внутри контейнера, из ENV): /mnt/shared_z_drive
2025-06-03 08:05:47,583 - INFO - [app:<module>:286] - Папка для временных Excel файлов (внутри контейнера): uploads_temp_excel
2025-06-03 08:05:47,583 - INFO - [app:<module>:287] - Путь к файлу логов (внутри контейнера, из ENV zotero_importer_core): /app/logs/zotero_excel_importer.log
2025-06-03 08:05:47,608 - INFO - [werkzeug:_log:97] - [31m[1mWARNING: This is a development server. Do not use it in a production deployment. Use a production WSGI server instead.[0m
 * Running on all addresses (0.0.0.0)
 * Running on http://127.0.0.1:8086
 * Running on http://172.19.0.2:8086
2025-06-03 08:05:47,608 - INFO - [werkzeug:_log:97] - [33mPress CTRL+C to quit[0m
2025-06-03 08:05:47,609 - INFO - [werkzeug:_log:97] -  * Restarting with stat
2025-06-03 08:05:48,230 - INFO - [app:<module>:57] - --- Flask приложение запущено. Логирование настроено. Файл логов: /app/logs/zotero_excel_importer.log ---
2025-06-03 08:05:48,232 - INFO - [zotero_importer_core:check_python_version:83] - Проверка версии Python: 3.9.22 (main, May 21 2025, 23:30:35) 
[GCC 12.2.0]
2025-06-03 08:05:48,233 - INFO - [zotero_importer_core:check_python_version:88] - Версия Python соответствует требованиям.
2025-06-03 08:05:48,233 - INFO - [zotero_importer_core:log_package_versions:70] - --- Версии установленных пакетов ---
2025-06-03 08:05:48,241 - INFO - [zotero_importer_core:log_package_versions:74] - pandas: 2.2.3
2025-06-03 08:05:48,242 - INFO - [zotero_importer_core:log_package_versions:74] - openpyxl: 3.1.5
2025-06-03 08:05:48,243 - INFO - [zotero_importer_core:log_package_versions:74] - pyzotero: 1.6.11
2025-06-03 08:05:48,245 - INFO - [zotero_importer_core:log_package_versions:74] - python-dotenv: 1.1.0
2025-06-03 08:05:48,247 - INFO - [zotero_importer_core:log_package_versions:74] - Flask: 3.1.1
2025-06-03 08:05:48,248 - INFO - [zotero_importer_core:log_package_versions:74] - Werkzeug: 3.1.3
2025-06-03 08:05:48,248 - INFO - [zotero_importer_core:log_package_versions:79] - ------------------------------------
2025-06-03 08:05:48,248 - INFO - [app:<module>:282] - --- Запуск Flask приложения (app.py) ---
2025-06-03 08:05:48,249 - INFO - [app:<module>:283] - Flask будет слушать на хосте 0.0.0.0 и порту 8086 (для Docker).
2025-06-03 08:05:48,249 - INFO - [app:<module>:284] - Базовый путь для поиска PDF (внутри контейнера, из ENV): /mnt/shared_z_drive
2025-06-03 08:05:48,249 - INFO - [app:<module>:286] - Папка для временных Excel файлов (внутри контейнера): uploads_temp_excel
2025-06-03 08:05:48,250 - INFO - [app:<module>:287] - Путь к файлу логов (внутри контейнера, из ENV zotero_importer_core): /app/logs/zotero_excel_importer.log
2025-06-03 08:05:48,257 - WARNING - [werkzeug:_log:97] -  * Debugger is active!
2025-06-03 08:05:48,258 - INFO - [werkzeug:_log:97] -  * Debugger PIN: 110-208-059
2025-06-03 08:06:00,562 - INFO - [app:index:72] - Запрос главной страницы /. Базовый путь PDF в контейнере: /mnt/shared_z_drive
2025-06-03 08:06:00,574 - INFO - [werkzeug:_log:97] - 172.19.0.1 - - [03/Jun/2025 08:06:00] "GET / HTTP/1.1" 200 -
2025-06-03 08:06:22,513 - INFO - [app:preview_excel:93] - Получен POST-запрос на /preview_excel
2025-06-03 08:06:22,522 - INFO - [app:preview_excel:111] - Получено имя подпапки PDF от пользователя: '01_Документы'
2025-06-03 08:06:22,523 - INFO - [app:preview_excel:145] - Сконструирован полный путь для поиска PDF внутри контейнера: '/mnt/shared_z_drive/01_Документы'
2025-06-03 08:06:22,524 - WARNING - [app:preview_excel:157] - Папка для поиска PDF '/mnt/shared_z_drive/01_Документы' не найдена ВНУТРИ КОНТЕЙНЕРА.
2025-06-03 08:06:22,525 - INFO - [werkzeug:_log:97] - 172.19.0.1 - - [03/Jun/2025 08:06:22] "POST /preview_excel HTTP/1.1" 200 -
2025-06-03 08:24:25,061 - INFO - [app:<module>:57] - --- Flask приложение запущено. Логирование настроено. Файл логов: /app/logs/zotero_excel_importer.log ---
2025-06-03 08:24:25,063 - INFO - [zotero_importer_core:check_python_version:83] - Проверка версии Python: 3.9.22 (main, May 21 2025, 23:30:35) 
[GCC 12.2.0]
2025-06-03 08:24:25,063 - INFO - [zotero_importer_core:check_python_version:88] - Версия Python соответствует требованиям.
2025-06-03 08:24:25,064 - INFO - [zotero_importer_core:log_package_versions:70] - --- Версии установленных пакетов ---
2025-06-03 08:24:25,068 - INFO - [zotero_importer_core:log_package_versions:74] - pandas: 2.2.3
2025-06-03 08:24:25,069 - INFO - [zotero_importer_core:log_package_versions:74] - openpyxl: 3.1.5
2025-06-03 08:24:25,070 - INFO - [zotero_importer_core:log_package_versions:74] - pyzotero: 1.6.11
2025-06-03 08:24:25,073 - INFO - [zotero_importer_core:log_package_versions:74] - python-dotenv: 1.1.0
2025-06-03 08:24:25,075 - INFO - [zotero_importer_core:log_package_versions:74] - Flask: 3.1.1
2025-06-03 08:24:25,076 - INFO - [zotero_importer_core:log_package_versions:74] - Werkzeug: 3.1.3
2025-06-03 08:24:25,076 - INFO - [zotero_importer_core:log_package_versions:79] - ------------------------------------
2025-06-03 08:24:25,077 - INFO - [app:<module>:282] - --- Запуск Flask приложения (app.py) ---
2025-06-03 08:24:25,078 - INFO - [app:<module>:283] - Flask будет слушать на хосте 0.0.0.0 и порту 8086 (для Docker).
2025-06-03 08:24:25,079 - INFO - [app:<module>:284] - Базовый путь для поиска PDF (внутри контейнера, из ENV): /mnt/shared_z_drive
2025-06-03 08:24:25,079 - INFO - [app:<module>:286] - Папка для временных Excel файлов (внутри контейнера): uploads_temp_excel
2025-06-03 08:24:25,080 - INFO - [app:<module>:287] - Путь к файлу логов (внутри контейнера, из ENV zotero_importer_core): /app/logs/zotero_excel_importer.log
2025-06-03 08:24:25,102 - INFO - [werkzeug:_log:97] - [31m[1mWARNING: This is a development server. Do not use it in a production deployment. Use a production WSGI server instead.[0m
 * Running on all addresses (0.0.0.0)
 * Running on http://127.0.0.1:8086
 * Running on http://172.19.0.2:8086
2025-06-03 08:24:25,103 - INFO - [werkzeug:_log:97] - [33mPress CTRL+C to quit[0m
2025-06-03 08:24:25,105 - INFO - [werkzeug:_log:97] -  * Restarting with stat
2025-06-03 08:24:25,566 - INFO - [app:<module>:57] - --- Flask приложение запущено. Логирование настроено. Файл логов: /app/logs/zotero_excel_importer.log ---
2025-06-03 08:24:25,570 - INFO - [zotero_importer_core:check_python_version:83] - Проверка версии Python: 3.9.22 (main, May 21 2025, 23:30:35) 
[GCC 12.2.0]
2025-06-03 08:24:25,571 - INFO - [zotero_importer_core:check_python_version:88] - Версия Python соответствует требованиям.
2025-06-03 08:24:25,573 - INFO - [zotero_importer_core:log_package_versions:70] - --- Версии установленных пакетов ---
2025-06-03 08:24:25,578 - INFO - [zotero_importer_core:log_package_versions:74] - pandas: 2.2.3
2025-06-03 08:24:25,580 - INFO - [zotero_importer_core:log_package_versions:74] - openpyxl: 3.1.5
2025-06-03 08:24:25,581 - INFO - [zotero_importer_core:log_package_versions:74] - pyzotero: 1.6.11
2025-06-03 08:24:25,583 - INFO - [zotero_importer_core:log_package_versions:74] - python-dotenv: 1.1.0
2025-06-03 08:24:25,584 - INFO - [zotero_importer_core:log_package_versions:74] - Flask: 3.1.1
2025-06-03 08:24:25,586 - INFO - [zotero_importer_core:log_package_versions:74] - Werkzeug: 3.1.3
2025-06-03 08:24:25,586 - INFO - [zotero_importer_core:log_package_versions:79] - ------------------------------------
2025-06-03 08:24:25,586 - INFO - [app:<module>:282] - --- Запуск Flask приложения (app.py) ---
2025-06-03 08:24:25,587 - INFO - [app:<module>:283] - Flask будет слушать на хосте 0.0.0.0 и порту 8086 (для Docker).
2025-06-03 08:24:25,588 - INFO - [app:<module>:284] - Базовый путь для поиска PDF (внутри контейнера, из ENV): /mnt/shared_z_drive
2025-06-03 08:24:25,588 - INFO - [app:<module>:286] - Папка для временных Excel файлов (внутри контейнера): uploads_temp_excel
2025-06-03 08:24:25,589 - INFO - [app:<module>:287] - Путь к файлу логов (внутри контейнера, из ENV zotero_importer_core): /app/logs/zotero_excel_importer.log
2025-06-03 08:24:25,602 - WARNING - [werkzeug:_log:97] -  * Debugger is active!
2025-06-03 08:24:25,604 - INFO - [werkzeug:_log:97] -  * Debugger PIN: 137-666-909
2025-06-03 08:24:30,281 - INFO - [app:index:72] - Запрос главной страницы /. Базовый путь PDF в контейнере: /mnt/shared_z_drive
2025-06-03 08:24:30,303 - INFO - [werkzeug:_log:97] - 172.19.0.1 - - [03/Jun/2025 08:24:30] "GET / HTTP/1.1" 200 -
2025-06-03 08:24:48,847 - INFO - [app:preview_excel:93] - Получен POST-запрос на /preview_excel
2025-06-03 08:24:48,849 - INFO - [app:preview_excel:111] - Получено имя подпапки PDF от пользователя: '01_Документы'
2025-06-03 08:24:48,849 - INFO - [app:preview_excel:145] - Сконструирован полный путь для поиска PDF внутри контейнера: '/mnt/shared_z_drive/01_Документы'
2025-06-03 08:24:48,850 - WARNING - [app:preview_excel:157] - Папка для поиска PDF '/mnt/shared_z_drive/01_Документы' не найдена ВНУТРИ КОНТЕЙНЕРА.
2025-06-03 08:24:48,850 - INFO - [werkzeug:_log:97] - 172.19.0.1 - - [03/Jun/2025 08:24:48] "POST /preview_excel HTTP/1.1" 200 -
2025-06-03 08:30:26,899 - INFO - [app:<module>:57] - --- Flask приложение запущено. Логирование настроено. Файл логов: /app/logs/zotero_excel_importer.log ---
2025-06-03 08:30:26,901 - INFO - [zotero_importer_core:check_python_version:83] - Проверка версии Python: 3.9.22 (main, May 21 2025, 23:30:35) 
[GCC 12.2.0]
2025-06-03 08:30:26,901 - INFO - [zotero_importer_core:check_python_version:88] - Версия Python соответствует требованиям.
2025-06-03 08:30:26,902 - INFO - [zotero_importer_core:log_package_versions:70] - --- Версии установленных пакетов ---
2025-06-03 08:30:26,905 - INFO - [zotero_importer_core:log_package_versions:74] - pandas: 2.2.3
2025-06-03 08:30:26,906 - INFO - [zotero_importer_core:log_package_versions:74] - openpyxl: 3.1.5
2025-06-03 08:30:26,908 - INFO - [zotero_importer_core:log_package_versions:74] - pyzotero: 1.6.11
2025-06-03 08:30:26,909 - INFO - [zotero_importer_core:log_package_versions:74] - python-dotenv: 1.1.0
2025-06-03 08:30:26,912 - INFO - [zotero_importer_core:log_package_versions:74] - Flask: 3.1.1
2025-06-03 08:30:26,913 - INFO - [zotero_importer_core:log_package_versions:74] - Werkzeug: 3.1.3
2025-06-03 08:30:26,914 - INFO - [zotero_importer_core:log_package_versions:79] - ------------------------------------
2025-06-03 08:30:26,914 - INFO - [app:<module>:282] - --- Запуск Flask приложения (app.py) ---
2025-06-03 08:30:26,915 - INFO - [app:<module>:283] - Flask будет слушать на хосте 0.0.0.0 и порту 8086 (для Docker).
2025-06-03 08:30:26,915 - INFO - [app:<module>:284] - Базовый путь для поиска PDF (внутри контейнера, из ENV): /mnt/shared_z_drive
2025-06-03 08:30:26,916 - INFO - [app:<module>:286] - Папка для временных Excel файлов (внутри контейнера): uploads_temp_excel
2025-06-03 08:30:26,916 - INFO - [app:<module>:287] - Путь к файлу логов (внутри контейнера, из ENV zotero_importer_core): /app/logs/zotero_excel_importer.log
2025-06-03 08:30:26,950 - INFO - [werkzeug:_log:97] - [31m[1mWARNING: This is a development server. Do not use it in a production deployment. Use a production WSGI server instead.[0m
 * Running on all addresses (0.0.0.0)
 * Running on http://127.0.0.1:8086
 * Running on http://172.19.0.2:8086
2025-06-03 08:30:26,951 - INFO - [werkzeug:_log:97] - [33mPress CTRL+C to quit[0m
2025-06-03 08:30:26,952 - INFO - [werkzeug:_log:97] -  * Restarting with stat
2025-06-03 08:30:27,500 - INFO - [app:<module>:57] - --- Flask приложение запущено. Логирование настроено. Файл логов: /app/logs/zotero_excel_importer.log ---
2025-06-03 08:30:27,502 - INFO - [zotero_importer_core:check_python_version:83] - Проверка версии Python: 3.9.22 (main, May 21 2025, 23:30:35) 
[GCC 12.2.0]
2025-06-03 08:30:27,502 - INFO - [zotero_importer_core:check_python_version:88] - Версия Python соответствует требованиям.
2025-06-03 08:30:27,503 - INFO - [zotero_importer_core:log_package_versions:70] - --- Версии установленных пакетов ---
2025-06-03 08:30:27,506 - INFO - [zotero_importer_core:log_package_versions:74] - pandas: 2.2.3
2025-06-03 08:30:27,507 - INFO - [zotero_importer_core:log_package_versions:74] - openpyxl: 3.1.5
2025-06-03 08:30:27,508 - INFO - [zotero_importer_core:log_package_versions:74] - pyzotero: 1.6.11
2025-06-03 08:30:27,510 - INFO - [zotero_importer_core:log_package_versions:74] - python-dotenv: 1.1.0
2025-06-03 08:30:27,511 - INFO - [zotero_importer_core:log_package_versions:74] - Flask: 3.1.1
2025-06-03 08:30:27,512 - INFO - [zotero_importer_core:log_package_versions:74] - Werkzeug: 3.1.3
2025-06-03 08:30:27,512 - INFO - [zotero_importer_core:log_package_versions:79] - ------------------------------------
2025-06-03 08:30:27,513 - INFO - [app:<module>:282] - --- Запуск Flask приложения (app.py) ---
2025-06-03 08:30:27,513 - INFO - [app:<module>:283] - Flask будет слушать на хосте 0.0.0.0 и порту 8086 (для Docker).
2025-06-03 08:30:27,514 - INFO - [app:<module>:284] - Базовый путь для поиска PDF (внутри контейнера, из ENV): /mnt/shared_z_drive
2025-06-03 08:30:27,514 - INFO - [app:<module>:286] - Папка для временных Excel файлов (внутри контейнера): uploads_temp_excel
2025-06-03 08:30:27,515 - INFO - [app:<module>:287] - Путь к файлу логов (внутри контейнера, из ENV zotero_importer_core): /app/logs/zotero_excel_importer.log
2025-06-03 08:30:27,522 - WARNING - [werkzeug:_log:97] -  * Debugger is active!
2025-06-03 08:30:27,523 - INFO - [werkzeug:_log:97] -  * Debugger PIN: 139-565-238
2025-06-03 08:30:32,380 - INFO - [app:index:72] - Запрос главной страницы /. Базовый путь PDF в контейнере: /mnt/shared_z_drive
2025-06-03 08:30:32,395 - INFO - [werkzeug:_log:97] - 172.19.0.1 - - [03/Jun/2025 08:30:32] "GET / HTTP/1.1" 200 -
2025-06-03 08:30:53,610 - INFO - [app:preview_excel:93] - Получен POST-запрос на /preview_excel
2025-06-03 08:30:53,614 - INFO - [app:preview_excel:111] - Получено имя подпапки PDF от пользователя: '01_Документы'
2025-06-03 08:30:53,615 - INFO - [app:preview_excel:145] - Сконструирован полный путь для поиска PDF внутри контейнера: '/mnt/shared_z_drive/01_Документы'
2025-06-03 08:30:53,616 - WARNING - [app:preview_excel:157] - Папка для поиска PDF '/mnt/shared_z_drive/01_Документы' не найдена ВНУТРИ КОНТЕЙНЕРА.
2025-06-03 08:30:53,618 - INFO - [werkzeug:_log:97] - 172.19.0.1 - - [03/Jun/2025 08:30:53] "POST /preview_excel HTTP/1.1" 200 -
2025-06-03 08:34:15,827 - INFO - [app:<module>:57] - --- Flask приложение запущено. Логирование настроено. Файл логов: /app/logs/zotero_excel_importer.log ---
2025-06-03 08:34:15,828 - INFO - [zotero_importer_core:check_python_version:83] - Проверка версии Python: 3.9.22 (main, May 21 2025, 23:30:35) 
[GCC 12.2.0]
2025-06-03 08:34:15,829 - INFO - [zotero_importer_core:check_python_version:88] - Версия Python соответствует требованиям.
2025-06-03 08:34:15,829 - INFO - [zotero_importer_core:log_package_versions:70] - --- Версии установленных пакетов ---
2025-06-03 08:34:15,832 - INFO - [zotero_importer_core:log_package_versions:74] - pandas: 2.2.3
2025-06-03 08:34:15,835 - INFO - [zotero_importer_core:log_package_versions:74] - openpyxl: 3.1.5
2025-06-03 08:34:15,838 - INFO - [zotero_importer_core:log_package_versions:74] - pyzotero: 1.6.11
2025-06-03 08:34:15,840 - INFO - [zotero_importer_core:log_package_versions:74] - python-dotenv: 1.1.0
2025-06-03 08:34:15,843 - INFO - [zotero_importer_core:log_package_versions:74] - Flask: 3.1.1
2025-06-03 08:34:15,845 - INFO - [zotero_importer_core:log_package_versions:74] - Werkzeug: 3.1.3
2025-06-03 08:34:15,846 - INFO - [zotero_importer_core:log_package_versions:79] - ------------------------------------
2025-06-03 08:34:15,846 - INFO - [app:<module>:282] - --- Запуск Flask приложения (app.py) ---
2025-06-03 08:34:15,847 - INFO - [app:<module>:283] - Flask будет слушать на хосте 0.0.0.0 и порту 8086 (для Docker).
2025-06-03 08:34:15,848 - INFO - [app:<module>:284] - Базовый путь для поиска PDF (внутри контейнера, из ENV): /mnt/shared_z_drive
2025-06-03 08:34:15,848 - INFO - [app:<module>:286] - Папка для временных Excel файлов (внутри контейнера): uploads_temp_excel
2025-06-03 08:34:15,849 - INFO - [app:<module>:287] - Путь к файлу логов (внутри контейнера, из ENV zotero_importer_core): /app/logs/zotero_excel_importer.log
2025-06-03 08:34:15,903 - INFO - [werkzeug:_log:97] - [31m[1mWARNING: This is a development server. Do not use it in a production deployment. Use a production WSGI server instead.[0m
 * Running on all addresses (0.0.0.0)
 * Running on http://127.0.0.1:8086
 * Running on http://172.19.0.2:8086
2025-06-03 08:34:15,904 - INFO - [werkzeug:_log:97] - [33mPress CTRL+C to quit[0m
2025-06-03 08:34:15,905 - INFO - [werkzeug:_log:97] -  * Restarting with stat
2025-06-03 08:34:16,397 - INFO - [app:<module>:57] - --- Flask приложение запущено. Логирование настроено. Файл логов: /app/logs/zotero_excel_importer.log ---
2025-06-03 08:34:16,400 - INFO - [zotero_importer_core:check_python_version:83] - Проверка версии Python: 3.9.22 (main, May 21 2025, 23:30:35) 
[GCC 12.2.0]
2025-06-03 08:34:16,401 - INFO - [zotero_importer_core:check_python_version:88] - Версия Python соответствует требованиям.
2025-06-03 08:34:16,401 - INFO - [zotero_importer_core:log_package_versions:70] - --- Версии установленных пакетов ---
2025-06-03 08:34:16,409 - INFO - [zotero_importer_core:log_package_versions:74] - pandas: 2.2.3
2025-06-03 08:34:16,414 - INFO - [zotero_importer_core:log_package_versions:74] - openpyxl: 3.1.5
2025-06-03 08:34:16,417 - INFO - [zotero_importer_core:log_package_versions:74] - pyzotero: 1.6.11
2025-06-03 08:34:16,420 - INFO - [zotero_importer_core:log_package_versions:74] - python-dotenv: 1.1.0
2025-06-03 08:34:16,422 - INFO - [zotero_importer_core:log_package_versions:74] - Flask: 3.1.1
2025-06-03 08:34:16,424 - INFO - [zotero_importer_core:log_package_versions:74] - Werkzeug: 3.1.3
2025-06-03 08:34:16,425 - INFO - [zotero_importer_core:log_package_versions:79] - ------------------------------------
2025-06-03 08:34:16,425 - INFO - [app:<module>:282] - --- Запуск Flask приложения (app.py) ---
2025-06-03 08:34:16,426 - INFO - [app:<module>:283] - Flask будет слушать на хосте 0.0.0.0 и порту 8086 (для Docker).
2025-06-03 08:34:16,427 - INFO - [app:<module>:284] - Базовый путь для поиска PDF (внутри контейнера, из ENV): /mnt/shared_z_drive
2025-06-03 08:34:16,427 - INFO - [app:<module>:286] - Папка для временных Excel файлов (внутри контейнера): uploads_temp_excel
2025-06-03 08:34:16,428 - INFO - [app:<module>:287] - Путь к файлу логов (внутри контейнера, из ENV zotero_importer_core): /app/logs/zotero_excel_importer.log
2025-06-03 08:34:16,437 - WARNING - [werkzeug:_log:97] -  * Debugger is active!
2025-06-03 08:34:16,439 - INFO - [werkzeug:_log:97] -  * Debugger PIN: 965-980-352
2025-06-03 08:34:26,722 - INFO - [app:preview_excel:93] - Получен POST-запрос на /preview_excel
2025-06-03 08:34:26,727 - INFO - [app:preview_excel:111] - Получено имя подпапки PDF от пользователя: '01_Документы'
2025-06-03 08:34:26,729 - INFO - [app:preview_excel:145] - Сконструирован полный путь для поиска PDF внутри контейнера: '/mnt/shared_z_drive/01_Документы'
2025-06-03 08:34:26,730 - WARNING - [app:preview_excel:157] - Папка для поиска PDF '/mnt/shared_z_drive/01_Документы' не найдена ВНУТРИ КОНТЕЙНЕРА.
2025-06-03 08:34:26,732 - INFO - [werkzeug:_log:97] - 172.19.0.1 - - [03/Jun/2025 08:34:26] "POST /preview_excel HTTP/1.1" 200 -
2025-06-03 08:34:30,138 - INFO - [app:index:72] - Запрос главной страницы /. Базовый путь PDF в контейнере: /mnt/shared_z_drive
2025-06-03 08:34:30,152 - INFO - [werkzeug:_log:97] - 172.19.0.1 - - [03/Jun/2025 08:34:30] "GET / HTTP/1.1" 200 -
2025-06-03 08:34:47,844 - INFO - [app:preview_excel:93] - Получен POST-запрос на /preview_excel
2025-06-03 08:34:47,848 - INFO - [app:preview_excel:111] - Получено имя подпапки PDF от пользователя: '01_Документы'
2025-06-03 08:34:47,849 - INFO - [app:preview_excel:145] - Сконструирован полный путь для поиска PDF внутри контейнера: '/mnt/shared_z_drive/01_Документы'
2025-06-03 08:34:47,850 - WARNING - [app:preview_excel:157] - Папка для поиска PDF '/mnt/shared_z_drive/01_Документы' не найдена ВНУТРИ КОНТЕЙНЕРА.
2025-06-03 08:34:47,851 - INFO - [werkzeug:_log:97] - 172.19.0.1 - - [03/Jun/2025 08:34:47] "POST /preview_excel HTTP/1.1" 200 -
2025-06-03 08:38:08,279 - INFO - [app:<module>:57] - --- Flask приложение запущено. Логирование настроено. Файл логов: /app/logs/zotero_excel_importer.log ---
2025-06-03 08:38:08,281 - INFO - [zotero_importer_core:check_python_version:83] - Проверка версии Python: 3.9.22 (main, May 21 2025, 23:30:35) 
[GCC 12.2.0]
2025-06-03 08:38:08,281 - INFO - [zotero_importer_core:check_python_version:88] - Версия Python соответствует требованиям.
2025-06-03 08:38:08,282 - INFO - [zotero_importer_core:log_package_versions:70] - --- Версии установленных пакетов ---
2025-06-03 08:38:08,286 - INFO - [zotero_importer_core:log_package_versions:74] - pandas: 2.2.3
2025-06-03 08:38:08,288 - INFO - [zotero_importer_core:log_package_versions:74] - openpyxl: 3.1.5
2025-06-03 08:38:08,289 - INFO - [zotero_importer_core:log_package_versions:74] - pyzotero: 1.6.11
2025-06-03 08:38:08,291 - INFO - [zotero_importer_core:log_package_versions:74] - python-dotenv: 1.1.0
2025-06-03 08:38:08,292 - INFO - [zotero_importer_core:log_package_versions:74] - Flask: 3.1.1
2025-06-03 08:38:08,294 - INFO - [zotero_importer_core:log_package_versions:74] - Werkzeug: 3.1.3
2025-06-03 08:38:08,294 - INFO - [zotero_importer_core:log_package_versions:79] - ------------------------------------
2025-06-03 08:38:08,294 - INFO - [app:<module>:282] - --- Запуск Flask приложения (app.py) ---
2025-06-03 08:38:08,295 - INFO - [app:<module>:283] - Flask будет слушать на хосте 0.0.0.0 и порту 8086 (для Docker).
2025-06-03 08:38:08,296 - INFO - [app:<module>:284] - Базовый путь для поиска PDF (внутри контейнера, из ENV): /mnt/shared_z_drive
2025-06-03 08:38:08,296 - INFO - [app:<module>:286] - Папка для временных Excel файлов (внутри контейнера): uploads_temp_excel
2025-06-03 08:38:08,296 - INFO - [app:<module>:287] - Путь к файлу логов (внутри контейнера, из ENV zotero_importer_core): /app/logs/zotero_excel_importer.log
2025-06-03 08:38:08,326 - INFO - [werkzeug:_log:97] - [31m[1mWARNING: This is a development server. Do not use it in a production deployment. Use a production WSGI server instead.[0m
 * Running on all addresses (0.0.0.0)
 * Running on http://127.0.0.1:8086
 * Running on http://172.19.0.2:8086
2025-06-03 08:38:08,326 - INFO - [werkzeug:_log:97] - [33mPress CTRL+C to quit[0m
2025-06-03 08:38:08,327 - INFO - [werkzeug:_log:97] -  * Restarting with stat
2025-06-03 08:38:08,883 - INFO - [app:<module>:57] - --- Flask приложение запущено. Логирование настроено. Файл логов: /app/logs/zotero_excel_importer.log ---
2025-06-03 08:38:08,886 - INFO - [zotero_importer_core:check_python_version:83] - Проверка версии Python: 3.9.22 (main, May 21 2025, 23:30:35) 
[GCC 12.2.0]
2025-06-03 08:38:08,887 - INFO - [zotero_importer_core:check_python_version:88] - Версия Python соответствует требованиям.
2025-06-03 08:38:08,888 - INFO - [zotero_importer_core:log_package_versions:70] - --- Версии установленных пакетов ---
2025-06-03 08:38:08,893 - INFO - [zotero_importer_core:log_package_versions:74] - pandas: 2.2.3
2025-06-03 08:38:08,895 - INFO - [zotero_importer_core:log_package_versions:74] - openpyxl: 3.1.5
2025-06-03 08:38:08,896 - INFO - [zotero_importer_core:log_package_versions:74] - pyzotero: 1.6.11
2025-06-03 08:38:08,898 - INFO - [zotero_importer_core:log_package_versions:74] - python-dotenv: 1.1.0
2025-06-03 08:38:08,899 - INFO - [zotero_importer_core:log_package_versions:74] - Flask: 3.1.1
2025-06-03 08:38:08,900 - INFO - [zotero_importer_core:log_package_versions:74] - Werkzeug: 3.1.3
2025-06-03 08:38:08,901 - INFO - [zotero_importer_core:log_package_versions:79] - ------------------------------------
2025-06-03 08:38:08,901 - INFO - [app:<module>:282] - --- Запуск Flask приложения (app.py) ---
2025-06-03 08:38:08,901 - INFO - [app:<module>:283] - Flask будет слушать на хосте 0.0.0.0 и порту 8086 (для Docker).
2025-06-03 08:38:08,902 - INFO - [app:<module>:284] - Базовый путь для поиска PDF (внутри контейнера, из ENV): /mnt/shared_z_drive
2025-06-03 08:38:08,902 - INFO - [app:<module>:286] - Папка для временных Excel файлов (внутри контейнера): uploads_temp_excel
2025-06-03 08:38:08,903 - INFO - [app:<module>:287] - Путь к файлу логов (внутри контейнера, из ENV zotero_importer_core): /app/logs/zotero_excel_importer.log
2025-06-03 08:38:08,910 - WARNING - [werkzeug:_log:97] -  * Debugger is active!
2025-06-03 08:38:08,911 - INFO - [werkzeug:_log:97] -  * Debugger PIN: 962-138-688
2025-06-03 08:38:18,246 - INFO - [app:index:72] - Запрос главной страницы /. Базовый путь PDF в контейнере: /mnt/shared_z_drive
2025-06-03 08:38:18,252 - INFO - [werkzeug:_log:97] - 172.19.0.1 - - [03/Jun/2025 08:38:18] "GET / HTTP/1.1" 200 -
2025-06-03 08:38:46,700 - INFO - [app:preview_excel:93] - Получен POST-запрос на /preview_excel
2025-06-03 08:38:46,705 - INFO - [app:preview_excel:111] - Получено имя подпапки PDF от пользователя: '01_Документы'
2025-06-03 08:38:46,706 - INFO - [app:preview_excel:145] - Сконструирован полный путь для поиска PDF внутри контейнера: '/mnt/shared_z_drive/01_Документы'
2025-06-03 08:38:46,707 - WARNING - [app:preview_excel:157] - Папка для поиска PDF '/mnt/shared_z_drive/01_Документы' не найдена ВНУТРИ КОНТЕЙНЕРА.
2025-06-03 08:38:46,711 - INFO - [werkzeug:_log:97] - 172.19.0.1 - - [03/Jun/2025 08:38:46] "POST /preview_excel HTTP/1.1" 200 -
2025-06-03 08:38:57,483 - INFO - [app:preview_excel:93] - Получен POST-запрос на /preview_excel
2025-06-03 08:38:57,485 - INFO - [app:preview_excel:111] - Получено имя подпапки PDF от пользователя: '01_Документы/'
2025-06-03 08:38:57,486 - INFO - [app:preview_excel:145] - Сконструирован полный путь для поиска PDF внутри контейнера: '/mnt/shared_z_drive/01_Документы'
2025-06-03 08:38:57,487 - WARNING - [app:preview_excel:157] - Папка для поиска PDF '/mnt/shared_z_drive/01_Документы' не найдена ВНУТРИ КОНТЕЙНЕРА.
2025-06-03 08:38:57,488 - INFO - [werkzeug:_log:97] - 172.19.0.1 - - [03/Jun/2025 08:38:57] "POST /preview_excel HTTP/1.1" 200 -
2025-06-03 08:40:30,700 - INFO - [app:preview_excel:93] - Получен POST-запрос на /preview_excel
2025-06-03 08:40:30,706 - INFO - [app:preview_excel:111] - Получено имя подпапки PDF от пользователя: '/'
2025-06-03 08:40:30,708 - WARNING - [app:preview_excel:135] - Имя подпапки PDF стало пустым после очистки: '/'
2025-06-03 08:40:30,710 - INFO - [werkzeug:_log:97] - 172.19.0.1 - - [03/Jun/2025 08:40:30] "POST /preview_excel HTTP/1.1" 200 -
2025-06-03 08:43:03,100 - INFO - [app:<module>:57] - --- Flask приложение запущено. Логирование настроено. Файл логов: /app/logs/zotero_excel_importer.log ---
2025-06-03 08:43:03,102 - INFO - [zotero_importer_core:check_python_version:83] - Проверка версии Python: 3.9.22 (main, May 21 2025, 23:30:35) 
[GCC 12.2.0]
2025-06-03 08:43:03,102 - INFO - [zotero_importer_core:check_python_version:88] - Версия Python соответствует требованиям.
2025-06-03 08:43:03,103 - INFO - [zotero_importer_core:log_package_versions:70] - --- Версии установленных пакетов ---
2025-06-03 08:43:03,106 - INFO - [zotero_importer_core:log_package_versions:74] - pandas: 2.2.3
2025-06-03 08:43:03,107 - INFO - [zotero_importer_core:log_package_versions:74] - openpyxl: 3.1.5
2025-06-03 08:43:03,108 - INFO - [zotero_importer_core:log_package_versions:74] - pyzotero: 1.6.11
2025-06-03 08:43:03,109 - INFO - [zotero_importer_core:log_package_versions:74] - python-dotenv: 1.1.0
2025-06-03 08:43:03,110 - INFO - [zotero_importer_core:log_package_versions:74] - Flask: 3.1.1
2025-06-03 08:43:03,111 - INFO - [zotero_importer_core:log_package_versions:74] - Werkzeug: 3.1.3
2025-06-03 08:43:03,111 - INFO - [zotero_importer_core:log_package_versions:79] - ------------------------------------
2025-06-03 08:43:03,111 - INFO - [app:<module>:282] - --- Запуск Flask приложения (app.py) ---
2025-06-03 08:43:03,112 - INFO - [app:<module>:283] - Flask будет слушать на хосте 0.0.0.0 и порту 8086 (для Docker).
2025-06-03 08:43:03,112 - INFO - [app:<module>:284] - Базовый путь для поиска PDF (внутри контейнера, из ENV): /mnt/shared_z_drive
2025-06-03 08:43:03,112 - INFO - [app:<module>:286] - Папка для временных Excel файлов (внутри контейнера): uploads_temp_excel
2025-06-03 08:43:03,113 - INFO - [app:<module>:287] - Путь к файлу логов (внутри контейнера, из ENV zotero_importer_core): /app/logs/zotero_excel_importer.log
2025-06-03 08:43:03,133 - INFO - [werkzeug:_log:97] - [31m[1mWARNING: This is a development server. Do not use it in a production deployment. Use a production WSGI server instead.[0m
 * Running on all addresses (0.0.0.0)
 * Running on http://127.0.0.1:8086
 * Running on http://172.19.0.2:8086
2025-06-03 08:43:03,133 - INFO - [werkzeug:_log:97] - [33mPress CTRL+C to quit[0m
2025-06-03 08:43:03,134 - INFO - [werkzeug:_log:97] -  * Restarting with stat
2025-06-03 08:43:03,542 - INFO - [app:<module>:57] - --- Flask приложение запущено. Логирование настроено. Файл логов: /app/logs/zotero_excel_importer.log ---
2025-06-03 08:43:03,543 - INFO - [zotero_importer_core:check_python_version:83] - Проверка версии Python: 3.9.22 (main, May 21 2025, 23:30:35) 
[GCC 12.2.0]
2025-06-03 08:43:03,544 - INFO - [zotero_importer_core:check_python_version:88] - Версия Python соответствует требованиям.
2025-06-03 08:43:03,544 - INFO - [zotero_importer_core:log_package_versions:70] - --- Версии установленных пакетов ---
2025-06-03 08:43:03,547 - INFO - [zotero_importer_core:log_package_versions:74] - pandas: 2.2.3
2025-06-03 08:43:03,549 - INFO - [zotero_importer_core:log_package_versions:74] - openpyxl: 3.1.5
2025-06-03 08:43:03,550 - INFO - [zotero_importer_core:log_package_versions:74] - pyzotero: 1.6.11
2025-06-03 08:43:03,551 - INFO - [zotero_importer_core:log_package_versions:74] - python-dotenv: 1.1.0
2025-06-03 08:43:03,552 - INFO - [zotero_importer_core:log_package_versions:74] - Flask: 3.1.1
2025-06-03 08:43:03,553 - INFO - [zotero_importer_core:log_package_versions:74] - Werkzeug: 3.1.3
2025-06-03 08:43:03,553 - INFO - [zotero_importer_core:log_package_versions:79] - ------------------------------------
2025-06-03 08:43:03,554 - INFO - [app:<module>:282] - --- Запуск Flask приложения (app.py) ---
2025-06-03 08:43:03,560 - INFO - [app:<module>:283] - Flask будет слушать на хосте 0.0.0.0 и порту 8086 (для Docker).
2025-06-03 08:43:03,560 - INFO - [app:<module>:284] - Базовый путь для поиска PDF (внутри контейнера, из ENV): /mnt/shared_z_drive
2025-06-03 08:43:03,561 - INFO - [app:<module>:286] - Папка для временных Excel файлов (внутри контейнера): uploads_temp_excel
2025-06-03 08:43:03,561 - INFO - [app:<module>:287] - Путь к файлу логов (внутри контейнера, из ENV zotero_importer_core): /app/logs/zotero_excel_importer.log
2025-06-03 08:43:03,569 - WARNING - [werkzeug:_log:97] -  * Debugger is active!
2025-06-03 08:43:03,570 - INFO - [werkzeug:_log:97] -  * Debugger PIN: 142-768-637
2025-06-03 08:43:12,544 - INFO - [app:index:72] - Запрос главной страницы /. Базовый путь PDF в контейнере: /mnt/shared_z_drive
2025-06-03 08:43:12,565 - INFO - [werkzeug:_log:97] - 172.19.0.1 - - [03/Jun/2025 08:43:12] "GET / HTTP/1.1" 200 -
2025-06-03 08:43:29,686 - INFO - [app:preview_excel:93] - Получен POST-запрос на /preview_excel
2025-06-03 08:43:29,700 - INFO - [app:preview_excel:111] - Получено имя подпапки PDF от пользователя: '01_Документы'
2025-06-03 08:43:29,702 - INFO - [app:preview_excel:145] - Сконструирован полный путь для поиска PDF внутри контейнера: '/mnt/shared_z_drive/01_Документы'
2025-06-03 08:43:29,707 - WARNING - [app:preview_excel:157] - Папка для поиска PDF '/mnt/shared_z_drive/01_Документы' не найдена ВНУТРИ КОНТЕЙНЕРА.
2025-06-03 08:43:29,716 - INFO - [werkzeug:_log:97] - 172.19.0.1 - - [03/Jun/2025 08:43:29] "POST /preview_excel HTTP/1.1" 200 -
2025-06-03 08:56:59,855 - INFO - [app:<module>:57] - --- Flask приложение запущено. Логирование настроено. Файл логов: /app/logs/zotero_excel_importer.log ---
2025-06-03 08:56:59,857 - INFO - [zotero_importer_core:check_python_version:83] - Проверка версии Python: 3.9.22 (main, May 21 2025, 23:30:35) 
[GCC 12.2.0]
2025-06-03 08:56:59,857 - INFO - [zotero_importer_core:check_python_version:88] - Версия Python соответствует требованиям.
2025-06-03 08:56:59,858 - INFO - [zotero_importer_core:log_package_versions:70] - --- Версии установленных пакетов ---
2025-06-03 08:56:59,863 - INFO - [zotero_importer_core:log_package_versions:74] - pandas: 2.2.3
2025-06-03 08:56:59,866 - INFO - [zotero_importer_core:log_package_versions:74] - openpyxl: 3.1.5
2025-06-03 08:56:59,868 - INFO - [zotero_importer_core:log_package_versions:74] - pyzotero: 1.6.11
2025-06-03 08:56:59,871 - INFO - [zotero_importer_core:log_package_versions:74] - python-dotenv: 1.1.0
2025-06-03 08:56:59,873 - INFO - [zotero_importer_core:log_package_versions:74] - Flask: 3.1.1
2025-06-03 08:56:59,875 - INFO - [zotero_importer_core:log_package_versions:74] - Werkzeug: 3.1.3
2025-06-03 08:56:59,876 - INFO - [zotero_importer_core:log_package_versions:79] - ------------------------------------
2025-06-03 08:56:59,877 - INFO - [app:<module>:282] - --- Запуск Flask приложения (app.py) ---
2025-06-03 08:56:59,877 - INFO - [app:<module>:283] - Flask будет слушать на хосте 0.0.0.0 и порту 8086 (для Docker).
2025-06-03 08:56:59,879 - INFO - [app:<module>:284] - Базовый путь для поиска PDF (внутри контейнера, из ENV): /mnt/shared_z_drive
2025-06-03 08:56:59,879 - INFO - [app:<module>:286] - Папка для временных Excel файлов (внутри контейнера): uploads_temp_excel
2025-06-03 08:56:59,879 - INFO - [app:<module>:287] - Путь к файлу логов (внутри контейнера, из ENV zotero_importer_core): /app/logs/zotero_excel_importer.log
2025-06-03 08:56:59,903 - INFO - [werkzeug:_log:97] - [31m[1mWARNING: This is a development server. Do not use it in a production deployment. Use a production WSGI server instead.[0m
 * Running on all addresses (0.0.0.0)
 * Running on http://127.0.0.1:8086
 * Running on http://172.19.0.2:8086
2025-06-03 08:56:59,904 - INFO - [werkzeug:_log:97] - [33mPress CTRL+C to quit[0m
2025-06-03 08:56:59,906 - INFO - [werkzeug:_log:97] -  * Restarting with stat
2025-06-03 08:57:00,414 - INFO - [app:<module>:57] - --- Flask приложение запущено. Логирование настроено. Файл логов: /app/logs/zotero_excel_importer.log ---
2025-06-03 08:57:00,417 - INFO - [zotero_importer_core:check_python_version:83] - Проверка версии Python: 3.9.22 (main, May 21 2025, 23:30:35) 
[GCC 12.2.0]
2025-06-03 08:57:00,417 - INFO - [zotero_importer_core:check_python_version:88] - Версия Python соответствует требованиям.
2025-06-03 08:57:00,417 - INFO - [zotero_importer_core:log_package_versions:70] - --- Версии установленных пакетов ---
2025-06-03 08:57:00,422 - INFO - [zotero_importer_core:log_package_versions:74] - pandas: 2.2.3
2025-06-03 08:57:00,423 - INFO - [zotero_importer_core:log_package_versions:74] - openpyxl: 3.1.5
2025-06-03 08:57:00,424 - INFO - [zotero_importer_core:log_package_versions:74] - pyzotero: 1.6.11
2025-06-03 08:57:00,426 - INFO - [zotero_importer_core:log_package_versions:74] - python-dotenv: 1.1.0
2025-06-03 08:57:00,427 - INFO - [zotero_importer_core:log_package_versions:74] - Flask: 3.1.1
2025-06-03 08:57:00,428 - INFO - [zotero_importer_core:log_package_versions:74] - Werkzeug: 3.1.3
2025-06-03 08:57:00,428 - INFO - [zotero_importer_core:log_package_versions:79] - ------------------------------------
2025-06-03 08:57:00,428 - INFO - [app:<module>:282] - --- Запуск Flask приложения (app.py) ---
2025-06-03 08:57:00,429 - INFO - [app:<module>:283] - Flask будет слушать на хосте 0.0.0.0 и порту 8086 (для Docker).
2025-06-03 08:57:00,429 - INFO - [app:<module>:284] - Базовый путь для поиска PDF (внутри контейнера, из ENV): /mnt/shared_z_drive
2025-06-03 08:57:00,429 - INFO - [app:<module>:286] - Папка для временных Excel файлов (внутри контейнера): uploads_temp_excel
2025-06-03 08:57:00,429 - INFO - [app:<module>:287] - Путь к файлу логов (внутри контейнера, из ENV zotero_importer_core): /app/logs/zotero_excel_importer.log
2025-06-03 08:57:00,435 - WARNING - [werkzeug:_log:97] -  * Debugger is active!
2025-06-03 08:57:00,436 - INFO - [werkzeug:_log:97] -  * Debugger PIN: 966-760-982
2025-06-03 08:57:04,775 - INFO - [app:index:72] - Запрос главной страницы /. Базовый путь PDF в контейнере: /mnt/shared_z_drive
2025-06-03 08:57:04,795 - INFO - [werkzeug:_log:97] - 172.19.0.1 - - [03/Jun/2025 08:57:04] "GET / HTTP/1.1" 200 -
2025-06-03 08:57:30,534 - INFO - [app:preview_excel:93] - Получен POST-запрос на /preview_excel
2025-06-03 08:57:30,540 - INFO - [app:preview_excel:111] - Получено имя подпапки PDF от пользователя: '01_Документы'
2025-06-03 08:57:30,540 - INFO - [app:preview_excel:145] - Сконструирован полный путь для поиска PDF внутри контейнера: '/mnt/shared_z_drive/01_Документы'
2025-06-03 08:57:30,541 - WARNING - [app:preview_excel:157] - Папка для поиска PDF '/mnt/shared_z_drive/01_Документы' не найдена ВНУТРИ КОНТЕЙНЕРА.
2025-06-03 08:57:30,547 - INFO - [werkzeug:_log:97] - 172.19.0.1 - - [03/Jun/2025 08:57:30] "POST /preview_excel HTTP/1.1" 200 -
2025-06-03 09:06:33,088 - INFO - [app:<module>:57] - --- Flask приложение запущено. Логирование настроено. Файл логов: /app/logs/zotero_excel_importer.log ---
2025-06-03 09:06:33,089 - INFO - [zotero_importer_core:check_python_version:83] - Проверка версии Python: 3.9.22 (main, May 21 2025, 23:30:35) 
[GCC 12.2.0]
2025-06-03 09:06:33,089 - INFO - [zotero_importer_core:check_python_version:88] - Версия Python соответствует требованиям.
2025-06-03 09:06:33,090 - INFO - [zotero_importer_core:log_package_versions:70] - --- Версии установленных пакетов ---
2025-06-03 09:06:33,093 - INFO - [zotero_importer_core:log_package_versions:74] - pandas: 2.2.3
2025-06-03 09:06:33,095 - INFO - [zotero_importer_core:log_package_versions:74] - openpyxl: 3.1.5
2025-06-03 09:06:33,097 - INFO - [zotero_importer_core:log_package_versions:74] - pyzotero: 1.6.11
2025-06-03 09:06:33,100 - INFO - [zotero_importer_core:log_package_versions:74] - python-dotenv: 1.1.0
2025-06-03 09:06:33,101 - INFO - [zotero_importer_core:log_package_versions:74] - Flask: 3.1.1
2025-06-03 09:06:33,103 - INFO - [zotero_importer_core:log_package_versions:74] - Werkzeug: 3.1.3
2025-06-03 09:06:33,104 - INFO - [zotero_importer_core:log_package_versions:79] - ------------------------------------
2025-06-03 09:06:33,104 - INFO - [app:<module>:282] - --- Запуск Flask приложения (app.py) ---
2025-06-03 09:06:33,105 - INFO - [app:<module>:283] - Flask будет слушать на хосте 0.0.0.0 и порту 8086 (для Docker).
2025-06-03 09:06:33,105 - INFO - [app:<module>:284] - Базовый путь для поиска PDF (внутри контейнера, из ENV): /mnt/shared_z_drive
2025-06-03 09:06:33,106 - INFO - [app:<module>:286] - Папка для временных Excel файлов (внутри контейнера): uploads_temp_excel
2025-06-03 09:06:33,106 - INFO - [app:<module>:287] - Путь к файлу логов (внутри контейнера, из ENV zotero_importer_core): /app/logs/zotero_excel_importer.log
2025-06-03 09:06:33,132 - INFO - [werkzeug:_log:97] - [31m[1mWARNING: This is a development server. Do not use it in a production deployment. Use a production WSGI server instead.[0m
 * Running on all addresses (0.0.0.0)
 * Running on http://127.0.0.1:8086
 * Running on http://172.19.0.2:8086
2025-06-03 09:06:33,132 - INFO - [werkzeug:_log:97] - [33mPress CTRL+C to quit[0m
2025-06-03 09:06:33,133 - INFO - [werkzeug:_log:97] -  * Restarting with stat
2025-06-03 09:06:33,568 - INFO - [app:<module>:57] - --- Flask приложение запущено. Логирование настроено. Файл логов: /app/logs/zotero_excel_importer.log ---
2025-06-03 09:06:33,570 - INFO - [zotero_importer_core:check_python_version:83] - Проверка версии Python: 3.9.22 (main, May 21 2025, 23:30:35) 
[GCC 12.2.0]
2025-06-03 09:06:33,571 - INFO - [zotero_importer_core:check_python_version:88] - Версия Python соответствует требованиям.
2025-06-03 09:06:33,572 - INFO - [zotero_importer_core:log_package_versions:70] - --- Версии установленных пакетов ---
2025-06-03 09:06:33,579 - INFO - [zotero_importer_core:log_package_versions:74] - pandas: 2.2.3
2025-06-03 09:06:33,581 - INFO - [zotero_importer_core:log_package_versions:74] - openpyxl: 3.1.5
2025-06-03 09:06:33,582 - INFO - [zotero_importer_core:log_package_versions:74] - pyzotero: 1.6.11
2025-06-03 09:06:33,584 - INFO - [zotero_importer_core:log_package_versions:74] - python-dotenv: 1.1.0
2025-06-03 09:06:33,585 - INFO - [zotero_importer_core:log_package_versions:74] - Flask: 3.1.1
2025-06-03 09:06:33,586 - INFO - [zotero_importer_core:log_package_versions:74] - Werkzeug: 3.1.3
2025-06-03 09:06:33,586 - INFO - [zotero_importer_core:log_package_versions:79] - ------------------------------------
2025-06-03 09:06:33,587 - INFO - [app:<module>:282] - --- Запуск Flask приложения (app.py) ---
2025-06-03 09:06:33,587 - INFO - [app:<module>:283] - Flask будет слушать на хосте 0.0.0.0 и порту 8086 (для Docker).
2025-06-03 09:06:33,588 - INFO - [app:<module>:284] - Базовый путь для поиска PDF (внутри контейнера, из ENV): /mnt/shared_z_drive
2025-06-03 09:06:33,588 - INFO - [app:<module>:286] - Папка для временных Excel файлов (внутри контейнера): uploads_temp_excel
2025-06-03 09:06:33,589 - INFO - [app:<module>:287] - Путь к файлу логов (внутри контейнера, из ENV zotero_importer_core): /app/logs/zotero_excel_importer.log
2025-06-03 09:06:33,595 - WARNING - [werkzeug:_log:97] -  * Debugger is active!
2025-06-03 09:06:33,596 - INFO - [werkzeug:_log:97] -  * Debugger PIN: 870-670-312
2025-06-03 09:06:45,035 - INFO - [app:index:72] - Запрос главной страницы /. Базовый путь PDF в контейнере: /mnt/shared_z_drive
2025-06-03 09:06:45,052 - INFO - [werkzeug:_log:97] - 172.19.0.1 - - [03/Jun/2025 09:06:45] "GET / HTTP/1.1" 200 -
2025-06-03 09:06:59,653 - INFO - [app:preview_excel:93] - Получен POST-запрос на /preview_excel
2025-06-03 09:06:59,659 - INFO - [app:preview_excel:111] - Получено имя подпапки PDF от пользователя: '01_Документы'
2025-06-03 09:06:59,664 - INFO - [app:preview_excel:145] - Сконструирован полный путь для поиска PDF внутри контейнера: '/mnt/shared_z_drive/01_Документы'
2025-06-03 09:06:59,667 - WARNING - [app:preview_excel:157] - Папка для поиска PDF '/mnt/shared_z_drive/01_Документы' не найдена ВНУТРИ КОНТЕЙНЕРА.
2025-06-03 09:06:59,671 - INFO - [werkzeug:_log:97] - 172.19.0.1 - - [03/Jun/2025 09:06:59] "POST /preview_excel HTTP/1.1" 200 -
